2026-01-24 20:45:04,289 INFO: AgroKongo Startup - Sistema de Monitorizaçăo Ativado [in C:\Users\Madalena Fernandes\Desktop\GSP\agrokongoVS\app\extensions.py:58]
2026-01-24 20:48:30,826 INFO: AgroKongo Startup - Sistema de Monitorizaçăo Ativado [in C:\Users\Madalena Fernandes\Desktop\GSP\agrokongoVS\app\extensions.py:58]
2026-01-24 20:50:35,126 INFO: AgroKongo Startup - Sistema de Monitorizaçăo Ativado [in C:\Users\Madalena Fernandes\Desktop\GSP\agrokongoVS\app\extensions.py:58]
2026-01-24 20:51:31,182 INFO: AgroKongo Startup - Sistema de Monitorizaçăo Ativado [in C:\Users\Madalena Fernandes\Desktop\GSP\agrokongoVS\app\extensions.py:58]
2026-01-24 20:53:06,498 INFO: AgroKongo Startup - Sistema de Monitorizaçăo Ativado [in C:\Users\Madalena Fernandes\Desktop\GSP\agrokongoVS\app\extensions.py:58]
2026-01-24 20:53:13,516 INFO: AgroKongo Startup - Sistema de Monitorizaçăo Ativado [in C:\Users\Madalena Fernandes\Desktop\GSP\agrokongoVS\app\extensions.py:58]
2026-01-24 20:53:20,282 INFO: AgroKongo Startup - Sistema de Monitorizaçăo Ativado [in C:\Users\Madalena Fernandes\Desktop\GSP\agrokongoVS\app\extensions.py:58]
2026-01-24 21:05:19,126 INFO: AgroKongo Startup - Sistema de Monitorizaçăo Ativado [in C:\Users\Madalena Fernandes\Desktop\GSP\agrokongoVS\app\extensions.py:58]
2026-01-24 21:09:24,014 INFO: AgroKongo Startup - Sistema de Monitorizaçăo Ativado [in C:\Users\Madalena Fernandes\Desktop\GSP\agrokongoVS\app\extensions.py:58]
2026-01-24 21:11:23,989 INFO: AgroKongo Startup - Sistema de Monitorizaçăo Ativado [in C:\Users\Madalena Fernandes\Desktop\GSP\agrokongoVS\app\extensions.py:58]
2026-01-24 21:11:42,484 INFO: AgroKongo Startup - Sistema de Monitorizaçăo Ativado [in C:\Users\Madalena Fernandes\Desktop\GSP\agrokongoVS\app\extensions.py:58]
2026-01-24 21:12:08,211 INFO: AgroKongo Startup - Sistema de Monitorizaçăo Ativado [in C:\Users\Madalena Fernandes\Desktop\GSP\agrokongoVS\app\extensions.py:58]
2026-01-24 21:13:16,891 INFO: AgroKongo Startup - Sistema de Monitorizaçăo Ativado [in C:\Users\Madalena Fernandes\Desktop\GSP\agrokongoVS\app\extensions.py:58]
2026-01-24 21:15:24,022 INFO: AgroKongo Startup - Sistema de Monitorizaçăo Ativado [in C:\Users\Madalena Fernandes\Desktop\GSP\agrokongoVS\app\extensions.py:58]
2026-01-24 21:17:21,283 INFO: AgroKongo Startup - Sistema de Monitorizaçăo Ativado [in C:\Users\Madalena Fernandes\Desktop\GSP\agrokongoVS\app\extensions.py:58]
2026-01-24 21:18:52,488 INFO: AgroKongo Startup - Sistema de Monitorizaçăo Ativado [in C:\Users\Madalena Fernandes\Desktop\GSP\agrokongoVS\app\extensions.py:58]
2026-01-24 21:20:33,188 INFO: AgroKongo Startup - Sistema de Monitorizaçăo Ativado [in C:\Users\Madalena Fernandes\Desktop\GSP\agrokongoVS\app\extensions.py:58]
2026-01-24 21:22:47,481 INFO: AgroKongo Startup - Sistema de Monitorizaçăo Ativado [in C:\Users\Madalena Fernandes\Desktop\GSP\agrokongoVS\app\extensions.py:58]
2026-01-24 21:24:05,277 INFO: AgroKongo Startup - Sistema de Monitorizaçăo Ativado [in C:\Users\Madalena Fernandes\Desktop\GSP\agrokongoVS\app\extensions.py:58]
2026-01-24 21:27:21,899 INFO: AgroKongo Startup - Sistema de Monitorizaçăo Ativado [in C:\Users\Madalena Fernandes\Desktop\GSP\agrokongoVS\app\extensions.py:58]
2026-01-24 21:27:21,906 INFO: [LOG] Scheduler de Tarefas Ativado [in C:\Users\Madalena Fernandes\Desktop\GSP\agrokongoVS\app\__init__.py:24]
2026-01-24 21:29:42,988 INFO: AgroKongo Startup - Sistema de Monitorizaçăo Ativado [in C:\Users\Madalena Fernandes\Desktop\GSP\agrokongoVS\app\extensions.py:58]
2026-01-24 21:29:42,993 INFO: [LOG] Scheduler de Tarefas Ativado [in C:\Users\Madalena Fernandes\Desktop\GSP\agrokongoVS\app\__init__.py:24]
2026-01-24 21:31:20,480 INFO: AgroKongo Startup - Sistema de Monitorizaçăo Ativado [in C:\Users\Madalena Fernandes\Desktop\GSP\agrokongoVS\app\extensions.py:58]
2026-01-24 21:31:20,488 INFO: [LOG] Scheduler de Tarefas Ativado [in C:\Users\Madalena Fernandes\Desktop\GSP\agrokongoVS\app\__init__.py:24]
2026-01-24 21:32:33,593 INFO: AgroKongo Startup - Sistema de Monitorizaçăo Ativado [in C:\Users\Madalena Fernandes\Desktop\GSP\agrokongoVS\app\extensions.py:58]
2026-01-24 21:32:33,598 INFO: [LOG] Scheduler de Tarefas Ativado [in C:\Users\Madalena Fernandes\Desktop\GSP\agrokongoVS\app\__init__.py:24]
2026-01-24 21:33:01,219 INFO: AgroKongo Startup - Sistema de Monitorizaçăo Ativado [in C:\Users\Madalena Fernandes\Desktop\GSP\agrokongoVS\app\extensions.py:58]
2026-01-24 21:33:01,226 INFO: [LOG] Scheduler de Tarefas Ativado [in C:\Users\Madalena Fernandes\Desktop\GSP\agrokongoVS\app\__init__.py:24]
2026-01-24 21:33:10,611 INFO: AgroKongo Startup - Sistema de Monitorizaçăo Ativado [in C:\Users\Madalena Fernandes\Desktop\GSP\agrokongoVS\app\extensions.py:58]
2026-01-24 21:33:10,614 INFO: [LOG] Scheduler de Tarefas Ativado [in C:\Users\Madalena Fernandes\Desktop\GSP\agrokongoVS\app\__init__.py:24]
2026-01-24 21:38:03,798 INFO: AgroKongo Startup - Sistema de Monitorizaçăo Ativado [in C:\Users\Madalena Fernandes\Desktop\GSP\agrokongoVS\app\extensions.py:58]
2026-01-24 21:38:03,813 INFO: [LOG] Scheduler de Tarefas Ativado [in C:\Users\Madalena Fernandes\Desktop\GSP\agrokongoVS\app\__init__.py:24]
2026-01-24 21:39:32,910 INFO: AgroKongo Startup - Sistema de Monitorizaçăo Ativado [in C:\Users\Madalena Fernandes\Desktop\GSP\agrokongoVS\app\extensions.py:58]
2026-01-24 21:39:32,914 INFO: [LOG] Scheduler de Tarefas Ativado [in C:\Users\Madalena Fernandes\Desktop\GSP\agrokongoVS\app\__init__.py:24]
2026-01-24 21:39:50,342 INFO: AgroKongo Startup - Sistema de Monitorizaçăo Ativado [in C:\Users\Madalena Fernandes\Desktop\GSP\agrokongoVS\app\extensions.py:58]
2026-01-24 21:39:50,346 INFO: [LOG] Scheduler de Tarefas Ativado [in C:\Users\Madalena Fernandes\Desktop\GSP\agrokongoVS\app\__init__.py:24]
2026-01-24 21:39:56,667 INFO: AgroKongo Startup - Sistema de Monitorizaçăo Ativado [in C:\Users\Madalena Fernandes\Desktop\GSP\agrokongoVS\app\extensions.py:58]
2026-01-24 21:39:56,671 INFO: [LOG] Scheduler de Tarefas Ativado [in C:\Users\Madalena Fernandes\Desktop\GSP\agrokongoVS\app\__init__.py:24]
2026-01-24 21:43:11,600 INFO: AgroKongo Startup - Sistema de Monitorizaçăo Ativado [in C:\Users\Madalena Fernandes\Desktop\GSP\agrokongoVS\app\extensions.py:58]
2026-01-24 21:43:11,604 INFO: [LOG] Scheduler de Tarefas Ativado [in C:\Users\Madalena Fernandes\Desktop\GSP\agrokongoVS\app\__init__.py:24]
2026-01-24 21:45:20,047 INFO: AgroKongo Startup - Sistema de Monitorizaçăo Ativado [in C:\Users\Madalena Fernandes\Desktop\GSP\agrokongoVS\app\extensions.py:58]
2026-01-24 21:45:20,055 INFO: [LOG] Scheduler de Tarefas Ativado [in C:\Users\Madalena Fernandes\Desktop\GSP\agrokongoVS\app\__init__.py:24]
2026-01-24 21:45:45,550 INFO: AgroKongo Startup - Sistema de Monitorizaçăo Ativado [in C:\Users\Madalena Fernandes\Desktop\GSP\agrokongoVS\app\extensions.py:58]
2026-01-24 21:45:45,558 INFO: [LOG] Scheduler de Tarefas Ativado [in C:\Users\Madalena Fernandes\Desktop\GSP\agrokongoVS\app\__init__.py:24]
2026-01-24 21:45:57,587 INFO: AgroKongo Startup - Sistema de Monitorizaçăo Ativado [in C:\Users\Madalena Fernandes\Desktop\GSP\agrokongoVS\app\extensions.py:58]
2026-01-24 21:45:57,592 INFO: [LOG] Scheduler de Tarefas Ativado [in C:\Users\Madalena Fernandes\Desktop\GSP\agrokongoVS\app\__init__.py:24]
2026-01-24 21:51:19,602 INFO: AgroKongo Startup - Sistema de Monitorizaçăo Ativado [in C:\Users\Madalena Fernandes\Desktop\GSP\agrokongoVS\app\extensions.py:58]
2026-01-24 21:51:19,605 INFO: [LOG] Scheduler de Tarefas Ativado [in C:\Users\Madalena Fernandes\Desktop\GSP\agrokongoVS\app\__init__.py:24]
2026-01-24 21:52:23,666 INFO: AgroKongo Startup - Sistema de Monitorizaçăo Ativado [in C:\Users\Madalena Fernandes\Desktop\GSP\agrokongoVS\app\extensions.py:58]
2026-01-24 21:52:23,675 INFO: [LOG] Scheduler de Tarefas Ativado [in C:\Users\Madalena Fernandes\Desktop\GSP\agrokongoVS\app\__init__.py:24]
2026-01-24 21:53:24,323 INFO: AgroKongo Startup - Sistema de Monitorizaçăo Ativado [in C:\Users\Madalena Fernandes\Desktop\GSP\agrokongoVS\app\extensions.py:58]
2026-01-24 21:53:24,326 INFO: [LOG] Scheduler de Tarefas Ativado [in C:\Users\Madalena Fernandes\Desktop\GSP\agrokongoVS\app\__init__.py:24]
2026-01-24 21:53:32,545 INFO: AgroKongo Startup - Sistema de Monitorizaçăo Ativado [in C:\Users\Madalena Fernandes\Desktop\GSP\agrokongoVS\app\extensions.py:58]
2026-01-24 21:53:32,549 INFO: [LOG] Scheduler de Tarefas Ativado [in C:\Users\Madalena Fernandes\Desktop\GSP\agrokongoVS\app\__init__.py:24]
2026-01-24 22:14:49,232 INFO: AgroKongo Startup - Sistema de Monitorizaçăo Ativado [in C:\Users\Madalena Fernandes\Desktop\GSP\agrokongoVS\app\extensions.py:58]
2026-01-24 22:14:49,315 INFO: [LOG] Scheduler de Tarefas Ativado [in C:\Users\Madalena Fernandes\Desktop\GSP\agrokongoVS\app\__init__.py:24]
2026-01-24 22:15:06,044 INFO: AgroKongo Startup - Sistema de Monitorizaçăo Ativado [in C:\Users\Madalena Fernandes\Desktop\GSP\agrokongoVS\app\extensions.py:58]
2026-01-24 22:15:06,058 INFO: [LOG] Scheduler de Tarefas Ativado [in C:\Users\Madalena Fernandes\Desktop\GSP\agrokongoVS\app\__init__.py:24]
2026-01-24 22:18:37,782 INFO: AgroKongo Startup - Sistema de Monitorizaçăo Ativado [in C:\Users\Madalena Fernandes\Desktop\GSP\agrokongoVS\app\extensions.py:58]
2026-01-24 22:18:37,788 INFO: [LOG] Scheduler de Tarefas Ativado [in C:\Users\Madalena Fernandes\Desktop\GSP\agrokongoVS\app\__init__.py:24]
2026-01-24 22:18:48,843 INFO: AgroKongo Startup - Sistema de Monitorizaçăo Ativado [in C:\Users\Madalena Fernandes\Desktop\GSP\agrokongoVS\app\extensions.py:58]
2026-01-24 22:18:48,846 INFO: [LOG] Scheduler de Tarefas Ativado [in C:\Users\Madalena Fernandes\Desktop\GSP\agrokongoVS\app\__init__.py:24]
2026-01-24 22:27:17,758 INFO: AgroKongo Startup - Sistema de Monitorizaçăo Ativado [in C:\Users\Madalena Fernandes\Desktop\GSP\agrokongoVS\app\extensions.py:58]
2026-01-24 22:27:17,761 INFO: [LOG] Scheduler de Tarefas Ativado [in C:\Users\Madalena Fernandes\Desktop\GSP\agrokongoVS\app\__init__.py:24]
2026-01-24 22:29:09,958 INFO: AgroKongo Startup - Sistema de Monitorizaçăo Ativado [in C:\Users\Madalena Fernandes\Desktop\GSP\agrokongoVS\app\extensions.py:58]
2026-01-24 22:29:09,963 INFO: [LOG] Scheduler de Tarefas Ativado [in C:\Users\Madalena Fernandes\Desktop\GSP\agrokongoVS\app\__init__.py:24]
2026-01-24 22:29:20,915 INFO: AgroKongo Startup - Sistema de Monitorizaçăo Ativado [in C:\Users\Madalena Fernandes\Desktop\GSP\agrokongoVS\app\extensions.py:58]
2026-01-24 22:29:20,918 INFO: [LOG] Scheduler de Tarefas Ativado [in C:\Users\Madalena Fernandes\Desktop\GSP\agrokongoVS\app\__init__.py:24]
2026-01-24 22:42:21,033 INFO: AgroKongo Startup - Sistema de Monitorizaçăo Ativado [in C:\Users\Madalena Fernandes\Desktop\GSP\agrokongoVS\app\extensions.py:58]
2026-01-24 22:42:21,036 INFO: [LOG] Scheduler de Tarefas Ativado [in C:\Users\Madalena Fernandes\Desktop\GSP\agrokongoVS\app\__init__.py:24]
2026-01-24 22:44:24,865 INFO: AgroKongo Startup - Sistema de Monitorizaçăo Ativado [in C:\Users\Madalena Fernandes\Desktop\GSP\agrokongoVS\app\extensions.py:58]
2026-01-24 22:44:24,868 INFO: [LOG] Scheduler de Tarefas Ativado [in C:\Users\Madalena Fernandes\Desktop\GSP\agrokongoVS\app\__init__.py:24]
2026-01-26 17:33:11,587 INFO: AgroKongo Startup - Sistema de Monitorizaçăo Ativado [in C:\Users\Madalena Fernandes\Desktop\GSP\agrokongoVS\app\extensions.py:58]
2026-01-26 17:33:11,604 INFO: [LOG] Scheduler de Tarefas Ativado [in C:\Users\Madalena Fernandes\Desktop\GSP\agrokongoVS\app\__init__.py:24]
2026-01-26 17:33:35,512 INFO: AgroKongo Startup - Sistema de Monitorizaçăo Ativado [in C:\Users\Madalena Fernandes\Desktop\GSP\agrokongoVS\app\extensions.py:58]
2026-01-26 17:33:35,516 INFO: [LOG] Scheduler de Tarefas Ativado [in C:\Users\Madalena Fernandes\Desktop\GSP\agrokongoVS\app\__init__.py:24]
2026-01-26 17:36:40,042 INFO: AgroKongo Startup - Sistema de Monitorizaçăo Ativado [in C:\Users\Madalena Fernandes\Desktop\GSP\agrokongoVS\app\extensions.py:58]
2026-01-26 17:36:40,048 INFO: [LOG] Scheduler de Tarefas Ativado [in C:\Users\Madalena Fernandes\Desktop\GSP\agrokongoVS\app\__init__.py:24]
2026-01-26 17:40:20,133 INFO: AgroKongo Startup - Sistema de Monitorizaçăo Ativado [in C:\Users\Madalena Fernandes\Desktop\GSP\agrokongoVS\app\extensions.py:58]
2026-01-26 17:40:20,141 INFO: [LOG] Scheduler de Tarefas Ativado [in C:\Users\Madalena Fernandes\Desktop\GSP\agrokongoVS\app\__init__.py:24]
2026-01-26 17:40:41,773 INFO: AgroKongo Startup - Sistema de Monitorizaçăo Ativado [in C:\Users\Madalena Fernandes\Desktop\GSP\agrokongoVS\app\extensions.py:58]
2026-01-26 17:40:41,780 INFO: [LOG] Scheduler de Tarefas Ativado [in C:\Users\Madalena Fernandes\Desktop\GSP\agrokongoVS\app\__init__.py:24]
2026-01-26 17:43:35,259 INFO: AgroKongo Startup - Sistema de Monitorizaçăo Ativado [in C:\Users\Madalena Fernandes\Desktop\GSP\agrokongoVS\app\extensions.py:58]
2026-01-26 17:43:35,262 INFO: [LOG] Scheduler de Tarefas Ativado [in C:\Users\Madalena Fernandes\Desktop\GSP\agrokongoVS\app\__init__.py:24]
2026-01-26 17:44:20,744 INFO: AgroKongo Startup - Sistema de Monitorizaçăo Ativado [in C:\Users\Madalena Fernandes\Desktop\GSP\agrokongoVS\app\extensions.py:58]
2026-01-26 17:44:20,760 INFO: [LOG] Scheduler de Tarefas Ativado [in C:\Users\Madalena Fernandes\Desktop\GSP\agrokongoVS\app\__init__.py:24]
2026-01-26 17:44:42,384 INFO: AgroKongo Startup - Sistema de Monitorizaçăo Ativado [in C:\Users\Madalena Fernandes\Desktop\GSP\agrokongoVS\app\extensions.py:58]
2026-01-26 17:44:42,390 INFO: [LOG] Scheduler de Tarefas Ativado [in C:\Users\Madalena Fernandes\Desktop\GSP\agrokongoVS\app\__init__.py:24]
2026-01-26 17:46:35,671 INFO: AgroKongo Startup - Sistema de Monitorizaçăo Ativado [in C:\Users\Madalena Fernandes\Desktop\GSP\agrokongoVS\app\extensions.py:58]
2026-01-26 17:46:35,674 INFO: [LOG] Scheduler de Tarefas Ativado [in C:\Users\Madalena Fernandes\Desktop\GSP\agrokongoVS\app\__init__.py:24]
2026-01-26 17:49:57,600 INFO: AgroKongo Startup - Sistema de Monitorizaçăo Ativado [in C:\Users\Madalena Fernandes\Desktop\GSP\agrokongoVS\app\extensions.py:58]
2026-01-26 17:49:57,610 INFO: [LOG] Scheduler de Tarefas Ativado [in C:\Users\Madalena Fernandes\Desktop\GSP\agrokongoVS\app\__init__.py:24]
2026-01-26 17:51:18,993 INFO: AgroKongo Startup - Sistema de Monitorizaçăo Ativado [in C:\Users\Madalena Fernandes\Desktop\GSP\agrokongoVS\app\extensions.py:58]
2026-01-26 17:51:19,003 INFO: [LOG] Scheduler de Tarefas Ativado [in C:\Users\Madalena Fernandes\Desktop\GSP\agrokongoVS\app\__init__.py:24]
2026-01-26 18:30:40,990 INFO: AgroKongo Startup - Sistema de Monitorizaçăo Ativado [in C:\Users\Madalena Fernandes\Desktop\GSP\agrokongoVS\app\extensions.py:58]
2026-01-26 18:30:41,050 INFO: [LOG] Scheduler de Tarefas Ativado [in C:\Users\Madalena Fernandes\Desktop\GSP\agrokongoVS\app\__init__.py:24]
2026-01-26 18:32:59,884 INFO: AgroKongo Startup - Sistema de Monitorizaçăo Ativado [in C:\Users\Madalena Fernandes\Desktop\GSP\agrokongoVS\app\extensions.py:58]
2026-01-26 18:32:59,889 INFO: [LOG] Scheduler de Tarefas Ativado [in C:\Users\Madalena Fernandes\Desktop\GSP\agrokongoVS\app\__init__.py:24]
2026-01-26 18:36:37,904 INFO: AgroKongo Startup - Sistema de Monitorizaçăo Ativado [in C:\Users\Madalena Fernandes\Desktop\GSP\agrokongoVS\app\extensions.py:58]
2026-01-26 18:36:37,913 INFO: [LOG] Scheduler de Tarefas Ativado [in C:\Users\Madalena Fernandes\Desktop\GSP\agrokongoVS\app\__init__.py:24]
2026-01-26 18:54:17,370 INFO: AgroKongo Startup - Sistema de Monitorizaçăo Ativado [in C:\Users\Madalena Fernandes\Desktop\GSP\agrokongoVS\app\extensions.py:58]
2026-01-26 18:54:17,374 INFO: [LOG] Scheduler de Tarefas Ativado [in C:\Users\Madalena Fernandes\Desktop\GSP\agrokongoVS\app\__init__.py:24]
2026-01-26 19:00:29,393 INFO: AgroKongo Startup - Sistema de Monitorizaçăo Ativado [in C:\Users\Madalena Fernandes\Desktop\GSP\agrokongoVS\app\extensions.py:58]
2026-01-26 19:00:29,399 INFO: [LOG] Scheduler de Tarefas Ativado [in C:\Users\Madalena Fernandes\Desktop\GSP\agrokongoVS\app\__init__.py:24]
2026-01-26 19:07:22,041 INFO: AgroKongo Startup - Sistema de Monitorizaçăo Ativado [in C:\Users\Madalena Fernandes\Desktop\GSP\agrokongoVS\app\extensions.py:58]
2026-01-26 19:07:22,044 INFO: [LOG] Scheduler de Tarefas Ativado [in C:\Users\Madalena Fernandes\Desktop\GSP\agrokongoVS\app\__init__.py:24]
2026-01-26 19:08:30,180 INFO: AgroKongo Startup - Sistema de Monitorizaçăo Ativado [in C:\Users\Madalena Fernandes\Desktop\GSP\agrokongoVS\app\extensions.py:58]
2026-01-26 19:08:30,187 INFO: [LOG] Scheduler de Tarefas Ativado [in C:\Users\Madalena Fernandes\Desktop\GSP\agrokongoVS\app\__init__.py:24]
2026-01-26 19:08:49,531 INFO: AgroKongo Startup - Sistema de Monitorizaçăo Ativado [in C:\Users\Madalena Fernandes\Desktop\GSP\agrokongoVS\app\extensions.py:58]
2026-01-26 19:08:49,538 INFO: [LOG] Scheduler de Tarefas Ativado [in C:\Users\Madalena Fernandes\Desktop\GSP\agrokongoVS\app\__init__.py:24]
2026-01-26 19:08:59,700 INFO: AgroKongo Startup - Sistema de Monitorizaçăo Ativado [in C:\Users\Madalena Fernandes\Desktop\GSP\agrokongoVS\app\extensions.py:58]
2026-01-26 19:08:59,704 INFO: [LOG] Scheduler de Tarefas Ativado [in C:\Users\Madalena Fernandes\Desktop\GSP\agrokongoVS\app\__init__.py:24]
2026-01-26 19:13:26,286 INFO: AgroKongo Startup - Sistema de Monitorizaçăo Ativado [in C:\Users\Madalena Fernandes\Desktop\GSP\agrokongoVS\app\extensions.py:58]
2026-01-26 19:13:26,300 INFO: [LOG] Scheduler de Tarefas Ativado [in C:\Users\Madalena Fernandes\Desktop\GSP\agrokongoVS\app\__init__.py:24]
2026-01-26 19:25:06,914 INFO: AgroKongo Startup - Sistema de Monitorizaçăo Ativado [in C:\Users\Madalena Fernandes\Desktop\GSP\agrokongoVS\app\extensions.py:58]
2026-01-26 19:25:06,929 INFO: [LOG] Scheduler de Tarefas Ativado [in C:\Users\Madalena Fernandes\Desktop\GSP\agrokongoVS\app\__init__.py:24]
2026-01-26 22:43:48,520 INFO: AgroKongo Startup - Sistema de Monitorizaçăo Ativado [in C:\Users\Madalena Fernandes\Desktop\GSP\agrokongoVS\app\extensions.py:58]
2026-01-26 22:43:48,524 INFO: [LOG] Scheduler de Tarefas Ativado [in C:\Users\Madalena Fernandes\Desktop\GSP\agrokongoVS\app\__init__.py:24]
2026-01-26 23:14:09,884 INFO: AgroKongo Startup - Sistema de Monitorizaçăo Ativado [in C:\Users\Madalena Fernandes\Desktop\GSP\agrokongoVS\app\extensions.py:58]
2026-01-26 23:14:09,891 INFO: [LOG] Scheduler de Tarefas Ativado [in C:\Users\Madalena Fernandes\Desktop\GSP\agrokongoVS\app\__init__.py:24]
2026-01-26 23:18:09,570 INFO: AgroKongo Startup - Sistema de Monitorizaçăo Ativado [in C:\Users\Madalena Fernandes\Desktop\GSP\agrokongoVS\app\extensions.py:58]
2026-01-26 23:18:09,573 INFO: [LOG] Scheduler de Tarefas Ativado [in C:\Users\Madalena Fernandes\Desktop\GSP\agrokongoVS\app\__init__.py:24]
2026-01-26 23:18:51,628 INFO: AgroKongo Startup - Sistema de Monitorizaçăo Ativado [in C:\Users\Madalena Fernandes\Desktop\GSP\agrokongoVS\app\extensions.py:58]
2026-01-26 23:18:51,634 INFO: [LOG] Scheduler de Tarefas Ativado [in C:\Users\Madalena Fernandes\Desktop\GSP\agrokongoVS\app\__init__.py:24]
2026-01-26 23:19:01,142 INFO: AgroKongo Startup - Sistema de Monitorizaçăo Ativado [in C:\Users\Madalena Fernandes\Desktop\GSP\agrokongoVS\app\extensions.py:58]
2026-01-26 23:19:01,152 INFO: [LOG] Scheduler de Tarefas Ativado [in C:\Users\Madalena Fernandes\Desktop\GSP\agrokongoVS\app\__init__.py:24]
2026-01-26 23:27:12,067 INFO: AgroKongo Startup - Sistema de Monitorizaçăo Ativado [in C:\Users\Madalena Fernandes\Desktop\GSP\agrokongoVS\app\extensions.py:58]
2026-01-26 23:27:12,075 INFO: [LOG] Scheduler de Tarefas Ativado [in C:\Users\Madalena Fernandes\Desktop\GSP\agrokongoVS\app\__init__.py:24]
2026-01-26 23:27:21,731 INFO: AgroKongo Startup - Sistema de Monitorizaçăo Ativado [in C:\Users\Madalena Fernandes\Desktop\GSP\agrokongoVS\app\extensions.py:58]
2026-01-26 23:27:21,832 INFO: [LOG] Scheduler de Tarefas Ativado [in C:\Users\Madalena Fernandes\Desktop\GSP\agrokongoVS\app\__init__.py:24]
2026-01-26 23:33:30,266 INFO: AgroKongo Startup - Sistema de Monitorizaçăo Ativado [in C:\Users\Madalena Fernandes\Desktop\GSP\agrokongoVS\app\extensions.py:58]
2026-01-26 23:33:30,273 INFO: [LOG] Scheduler de Tarefas Ativado [in C:\Users\Madalena Fernandes\Desktop\GSP\agrokongoVS\app\__init__.py:24]
2026-01-26 23:33:55,317 INFO: AgroKongo Startup - Sistema de Monitorizaçăo Ativado [in C:\Users\Madalena Fernandes\Desktop\GSP\agrokongoVS\app\extensions.py:58]
2026-01-26 23:33:55,327 INFO: [LOG] Scheduler de Tarefas Ativado [in C:\Users\Madalena Fernandes\Desktop\GSP\agrokongoVS\app\__init__.py:24]
2026-01-26 23:34:05,863 INFO: AgroKongo Startup - Sistema de Monitorizaçăo Ativado [in C:\Users\Madalena Fernandes\Desktop\GSP\agrokongoVS\app\extensions.py:58]
2026-01-26 23:34:05,866 INFO: [LOG] Scheduler de Tarefas Ativado [in C:\Users\Madalena Fernandes\Desktop\GSP\agrokongoVS\app\__init__.py:24]
2026-01-26 23:44:53,733 INFO: AgroKongo Startup - Sistema de Monitorizaçăo Ativado [in C:\Users\Madalena Fernandes\Desktop\GSP\agrokongoVS\app\extensions.py:58]
2026-01-26 23:44:53,736 INFO: [LOG] Scheduler de Tarefas Ativado [in C:\Users\Madalena Fernandes\Desktop\GSP\agrokongoVS\app\__init__.py:24]
2026-01-26 23:45:13,489 INFO: AgroKongo Startup - Sistema de Monitorizaçăo Ativado [in C:\Users\Madalena Fernandes\Desktop\GSP\agrokongoVS\app\extensions.py:58]
2026-01-26 23:45:13,493 INFO: [LOG] Scheduler de Tarefas Ativado [in C:\Users\Madalena Fernandes\Desktop\GSP\agrokongoVS\app\__init__.py:24]
2026-01-26 23:47:27,343 INFO: AgroKongo Startup - Sistema de Monitorizaçăo Ativado [in C:\Users\Madalena Fernandes\Desktop\GSP\agrokongoVS\app\extensions.py:58]
2026-01-26 23:47:27,350 INFO: [LOG] Scheduler de Tarefas Ativado [in C:\Users\Madalena Fernandes\Desktop\GSP\agrokongoVS\app\__init__.py:24]
2026-01-26 23:47:39,487 INFO: AgroKongo Startup - Sistema de Monitorizaçăo Ativado [in C:\Users\Madalena Fernandes\Desktop\GSP\agrokongoVS\app\extensions.py:58]
2026-01-26 23:47:39,490 INFO: [LOG] Scheduler de Tarefas Ativado [in C:\Users\Madalena Fernandes\Desktop\GSP\agrokongoVS\app\__init__.py:24]
2026-01-26 23:50:08,721 INFO: AgroKongo Startup - Sistema de Monitorizaçăo Ativado [in C:\Users\Madalena Fernandes\Desktop\GSP\agrokongoVS\app\extensions.py:58]
2026-01-26 23:50:08,726 INFO: [LOG] Scheduler de Tarefas Ativado [in C:\Users\Madalena Fernandes\Desktop\GSP\agrokongoVS\app\__init__.py:24]
2026-01-26 23:51:56,974 INFO: AgroKongo Startup - Sistema de Monitorizaçăo Ativado [in C:\Users\Madalena Fernandes\Desktop\GSP\agrokongoVS\app\extensions.py:58]
2026-01-26 23:51:56,989 INFO: [LOG] Scheduler de Tarefas Ativado [in C:\Users\Madalena Fernandes\Desktop\GSP\agrokongoVS\app\__init__.py:24]
2026-01-26 23:54:18,527 INFO: AgroKongo Startup - Sistema de Monitorizaçăo Ativado [in C:\Users\Madalena Fernandes\Desktop\GSP\agrokongoVS\app\extensions.py:58]
2026-01-26 23:54:18,530 INFO: [LOG] Scheduler de Tarefas Ativado [in C:\Users\Madalena Fernandes\Desktop\GSP\agrokongoVS\app\__init__.py:24]
2026-01-27 00:01:43,901 INFO: AgroKongo Startup - Sistema de Monitorizaçăo Ativado [in C:\Users\Madalena Fernandes\Desktop\GSP\agrokongoVS\app\extensions.py:58]
2026-01-27 00:01:43,908 INFO: [LOG] Scheduler de Tarefas Ativado [in C:\Users\Madalena Fernandes\Desktop\GSP\agrokongoVS\app\__init__.py:24]
2026-01-27 00:10:51,303 INFO: AgroKongo Startup - Sistema de Monitorizaçăo Ativado [in C:\Users\Madalena Fernandes\Desktop\GSP\agrokongoVS\app\extensions.py:58]
2026-01-27 00:10:51,321 INFO: [LOG] Scheduler de Tarefas Ativado [in C:\Users\Madalena Fernandes\Desktop\GSP\agrokongoVS\app\__init__.py:24]
2026-01-27 00:11:17,604 INFO: AgroKongo Startup - Sistema de Monitorizaçăo Ativado [in C:\Users\Madalena Fernandes\Desktop\GSP\agrokongoVS\app\extensions.py:58]
2026-01-27 00:11:17,608 INFO: [LOG] Scheduler de Tarefas Ativado [in C:\Users\Madalena Fernandes\Desktop\GSP\agrokongoVS\app\__init__.py:24]
2026-01-27 00:19:09,821 INFO: AgroKongo Startup - Sistema de Monitorizaçăo Ativado [in C:\Users\Madalena Fernandes\Desktop\GSP\agrokongoVS\app\extensions.py:58]
2026-01-27 00:19:09,826 INFO: [LOG] Scheduler de Tarefas Ativado [in C:\Users\Madalena Fernandes\Desktop\GSP\agrokongoVS\app\__init__.py:24]
2026-01-27 00:26:47,972 INFO: AgroKongo Startup - Sistema de Monitorizaçăo Ativado [in C:\Users\Madalena Fernandes\Desktop\GSP\agrokongoVS\app\extensions.py:58]
2026-01-27 00:26:47,976 INFO: [LOG] Scheduler de Tarefas Ativado [in C:\Users\Madalena Fernandes\Desktop\GSP\agrokongoVS\app\__init__.py:24]
2026-01-27 00:35:26,792 INFO: AgroKongo Startup - Sistema de Monitorizaçăo Ativado [in C:\Users\Madalena Fernandes\Desktop\GSP\agrokongoVS\app\extensions.py:58]
2026-01-27 00:35:26,800 INFO: [LOG] Scheduler de Tarefas Ativado [in C:\Users\Madalena Fernandes\Desktop\GSP\agrokongoVS\app\__init__.py:24]
2026-01-27 00:36:59,431 INFO: AgroKongo Startup - Sistema de Monitorizaçăo Ativado [in C:\Users\Madalena Fernandes\Desktop\GSP\agrokongoVS\app\extensions.py:58]
2026-01-27 00:36:59,438 INFO: [LOG] Scheduler de Tarefas Ativado [in C:\Users\Madalena Fernandes\Desktop\GSP\agrokongoVS\app\__init__.py:24]
2026-01-27 00:47:11,667 INFO: AgroKongo Startup - Sistema de Monitorizaçăo Ativado [in C:\Users\Madalena Fernandes\Desktop\GSP\agrokongoVS\app\extensions.py:58]
2026-01-27 00:47:11,670 INFO: [LOG] Scheduler de Tarefas Ativado [in C:\Users\Madalena Fernandes\Desktop\GSP\agrokongoVS\app\__init__.py:24]
2026-01-27 00:49:47,559 INFO: AgroKongo Startup - Sistema de Monitorizaçăo Ativado [in C:\Users\Madalena Fernandes\Desktop\GSP\agrokongoVS\app\extensions.py:58]
2026-01-27 00:49:47,564 INFO: [LOG] Scheduler de Tarefas Ativado [in C:\Users\Madalena Fernandes\Desktop\GSP\agrokongoVS\app\__init__.py:24]
2026-01-27 00:50:41,949 INFO: AgroKongo Startup - Sistema de Monitorizaçăo Ativado [in C:\Users\Madalena Fernandes\Desktop\GSP\agrokongoVS\app\extensions.py:58]
2026-01-27 00:50:41,954 INFO: [LOG] Scheduler de Tarefas Ativado [in C:\Users\Madalena Fernandes\Desktop\GSP\agrokongoVS\app\__init__.py:24]
2026-01-27 00:51:10,145 INFO: AgroKongo Startup - Sistema de Monitorizaçăo Ativado [in C:\Users\Madalena Fernandes\Desktop\GSP\agrokongoVS\app\extensions.py:58]
2026-01-27 00:51:10,149 INFO: [LOG] Scheduler de Tarefas Ativado [in C:\Users\Madalena Fernandes\Desktop\GSP\agrokongoVS\app\__init__.py:24]
2026-01-27 01:03:49,137 INFO: AgroKongo Startup - Sistema de Monitorizaçăo Ativado [in C:\Users\Madalena Fernandes\Desktop\GSP\agrokongoVS\app\extensions.py:58]
2026-01-27 01:03:49,150 INFO: [LOG] Scheduler de Tarefas Ativado [in C:\Users\Madalena Fernandes\Desktop\GSP\agrokongoVS\app\__init__.py:24]
2026-01-27 01:12:52,824 INFO: AgroKongo Startup - Sistema de Monitorizaçăo Ativado [in C:\Users\Madalena Fernandes\Desktop\GSP\agrokongoVS\app\extensions.py:58]
2026-01-27 01:12:52,916 INFO: [LOG] Scheduler de Tarefas Ativado [in C:\Users\Madalena Fernandes\Desktop\GSP\agrokongoVS\app\__init__.py:24]
2026-01-27 01:27:59,659 INFO: AgroKongo Startup - Sistema de Monitorizaçăo Ativado [in C:\Users\Madalena Fernandes\Desktop\GSP\agrokongoVS\app\extensions.py:58]
2026-01-27 01:27:59,669 INFO: [LOG] Scheduler de Tarefas Ativado [in C:\Users\Madalena Fernandes\Desktop\GSP\agrokongoVS\app\__init__.py:25]
2026-01-27 01:44:11,810 INFO: AgroKongo Startup - Sistema de Monitorizaçăo Ativado [in C:\Users\Madalena Fernandes\Desktop\GSP\agrokongoVS\app\extensions.py:58]
2026-01-27 01:44:11,815 INFO: [LOG] Scheduler de Tarefas Ativado [in C:\Users\Madalena Fernandes\Desktop\GSP\agrokongoVS\app\__init__.py:25]
2026-01-27 01:44:52,610 INFO: AgroKongo Startup - Sistema de Monitorizaçăo Ativado [in C:\Users\Madalena Fernandes\Desktop\GSP\agrokongoVS\app\extensions.py:58]
2026-01-27 01:44:52,616 INFO: [LOG] Scheduler de Tarefas Ativado [in C:\Users\Madalena Fernandes\Desktop\GSP\agrokongoVS\app\__init__.py:25]
2026-01-27 01:53:42,741 INFO: AgroKongo Startup - Sistema de Monitorizaçăo Ativado [in C:\Users\Madalena Fernandes\Desktop\GSP\agrokongoVS\app\extensions.py:58]
2026-01-27 01:53:42,747 INFO: [LOG] Scheduler de Tarefas Ativado [in C:\Users\Madalena Fernandes\Desktop\GSP\agrokongoVS\app\__init__.py:25]
2026-01-27 01:57:13,926 INFO: AgroKongo Startup - Sistema de Monitorizaçăo Ativado [in C:\Users\Madalena Fernandes\Desktop\GSP\agrokongoVS\app\extensions.py:58]
2026-01-27 01:57:13,929 INFO: [LOG] Scheduler de Tarefas Ativado [in C:\Users\Madalena Fernandes\Desktop\GSP\agrokongoVS\app\__init__.py:25]
2026-01-27 01:58:20,146 INFO: AgroKongo Startup - Sistema de Monitorizaçăo Ativado [in C:\Users\Madalena Fernandes\Desktop\GSP\agrokongoVS\app\extensions.py:58]
2026-01-27 01:58:20,151 INFO: [LOG] Scheduler de Tarefas Ativado [in C:\Users\Madalena Fernandes\Desktop\GSP\agrokongoVS\app\__init__.py:25]
2026-01-27 02:00:00,395 INFO: Processamento concluído: 0 transaçőes atualizadas. [in C:\Users\Madalena Fernandes\Desktop\GSP\agrokongoVS\app\__init__.py:72]
2026-01-27 02:00:13,797 INFO: AgroKongo Startup - Sistema de Monitorizaçăo Ativado [in C:\Users\Madalena Fernandes\Desktop\GSP\agrokongoVS\app\extensions.py:58]
2026-01-27 02:00:13,799 INFO: [LOG] Scheduler de Tarefas Ativado [in C:\Users\Madalena Fernandes\Desktop\GSP\agrokongoVS\app\__init__.py:25]
2026-01-28 11:22:52,047 INFO: AgroKongo Startup - Sistema de Monitorizaçăo Ativado [in C:\Users\Madalena Fernandes\Desktop\GSP\agrokongoVS\app\extensions.py:58]
2026-01-28 11:22:52,056 INFO: [LOG] Scheduler de Tarefas Ativado [in C:\Users\Madalena Fernandes\Desktop\GSP\agrokongoVS\app\__init__.py:24]
2026-01-28 11:23:02,749 INFO: AgroKongo Startup - Sistema de Monitorizaçăo Ativado [in C:\Users\Madalena Fernandes\Desktop\GSP\agrokongoVS\app\extensions.py:58]
2026-01-28 11:23:02,755 INFO: [LOG] Scheduler de Tarefas Ativado [in C:\Users\Madalena Fernandes\Desktop\GSP\agrokongoVS\app\__init__.py:24]
2026-01-28 11:57:02,331 INFO: AgroKongo Startup - Sistema de Monitorizaçăo Ativado [in C:\Users\Madalena Fernandes\Desktop\GSP\agrokongoVS\app\extensions.py:58]
2026-01-28 11:57:02,371 INFO: [LOG] Scheduler de Tarefas Ativado [in C:\Users\Madalena Fernandes\Desktop\GSP\agrokongoVS\app\__init__.py:24]
2026-01-28 12:00:00,746 INFO: Processamento concluído: 0 transaçőes atualizadas. [in C:\Users\Madalena Fernandes\Desktop\GSP\agrokongoVS\app\__init__.py:72]
2026-01-28 12:00:01,243 INFO: Processamento concluído: 0 transaçőes atualizadas. [in C:\Users\Madalena Fernandes\Desktop\GSP\agrokongoVS\app\__init__.py:72]
2026-01-28 12:01:47,574 INFO: AgroKongo Startup - Sistema de Monitorizaçăo Ativado [in C:\Users\Madalena Fernandes\Desktop\GSP\agrokongoVS\app\extensions.py:58]
2026-01-28 12:01:47,586 INFO: [LOG] Scheduler de Tarefas Ativado [in C:\Users\Madalena Fernandes\Desktop\GSP\agrokongoVS\app\__init__.py:24]
2026-01-28 13:00:00,755 INFO: Processamento concluído: 0 transaçőes atualizadas. [in C:\Users\Madalena Fernandes\Desktop\GSP\agrokongoVS\app\__init__.py:72]
2026-01-28 13:00:00,907 INFO: Processamento concluído: 0 transaçőes atualizadas. [in C:\Users\Madalena Fernandes\Desktop\GSP\agrokongoVS\app\__init__.py:72]
2026-01-28 15:29:37,835 INFO: AgroKongo Startup - Sistema de Monitorizaçăo Ativado [in C:\Users\Madalena Fernandes\Desktop\GSP\agrokongoVS\app\extensions.py:58]
2026-01-28 15:29:37,844 INFO: [LOG] Scheduler de Tarefas Ativado [in C:\Users\Madalena Fernandes\Desktop\GSP\agrokongoVS\app\__init__.py:24]
2026-01-28 15:34:28,402 INFO: AgroKongo Startup - Sistema de Monitorizaçăo Ativado [in C:\Users\Madalena Fernandes\Desktop\GSP\agrokongoVS\app\extensions.py:58]
2026-01-28 15:34:28,407 INFO: [LOG] Scheduler de Tarefas Ativado [in C:\Users\Madalena Fernandes\Desktop\GSP\agrokongoVS\app\__init__.py:22]
2026-01-28 15:38:44,037 INFO: AgroKongo Startup - Sistema de Monitorizaçăo Ativado [in C:\Users\Madalena Fernandes\Desktop\GSP\agrokongoVS\app\extensions.py:58]
2026-01-28 15:38:44,042 INFO: [LOG] Scheduler de Tarefas Ativado [in C:\Users\Madalena Fernandes\Desktop\GSP\agrokongoVS\app\__init__.py:22]
2026-01-28 15:41:53,995 INFO: AgroKongo Startup - Sistema de Monitorizaçăo Ativado [in C:\Users\Madalena Fernandes\Desktop\GSP\agrokongoVS\app\extensions.py:58]
2026-01-28 15:41:54,000 INFO: [LOG] Scheduler de Tarefas Ativado [in C:\Users\Madalena Fernandes\Desktop\GSP\agrokongoVS\app\__init__.py:22]
2026-01-28 15:41:54,002 INFO: Diretorio verificado: C:\Users\Madalena Fernandes\Desktop\GSP\agrokongoVS\data_storage\public\safras [in C:\Users\Madalena Fernandes\Desktop\GSP\agrokongoVS\app\__init__.py:36]
2026-01-28 15:41:54,003 INFO: Diretorio verificado: C:\Users\Madalena Fernandes\Desktop\GSP\agrokongoVS\data_storage\public\perfil [in C:\Users\Madalena Fernandes\Desktop\GSP\agrokongoVS\app\__init__.py:36]
2026-01-28 15:41:54,005 INFO: Diretorio verificado: C:\Users\Madalena Fernandes\Desktop\GSP\agrokongoVS\data_storage\private\comprovativos [in C:\Users\Madalena Fernandes\Desktop\GSP\agrokongoVS\app\__init__.py:36]
2026-01-28 15:41:54,007 INFO: Diretorio verificado: C:\Users\Madalena Fernandes\Desktop\GSP\agrokongoVS\data_storage\private\documentos [in C:\Users\Madalena Fernandes\Desktop\GSP\agrokongoVS\app\__init__.py:36]
2026-01-28 15:42:15,829 INFO: AgroKongo Startup - Sistema de Monitorizaçăo Ativado [in C:\Users\Madalena Fernandes\Desktop\GSP\agrokongoVS\app\extensions.py:58]
2026-01-28 15:42:15,836 INFO: [LOG] Scheduler de Tarefas Ativado [in C:\Users\Madalena Fernandes\Desktop\GSP\agrokongoVS\app\__init__.py:22]
2026-01-28 15:42:15,838 INFO: Diretorio verificado: C:\Users\Madalena Fernandes\Desktop\GSP\agrokongoVS\data_storage\public\safras [in C:\Users\Madalena Fernandes\Desktop\GSP\agrokongoVS\app\__init__.py:36]
2026-01-28 15:42:15,839 INFO: Diretorio verificado: C:\Users\Madalena Fernandes\Desktop\GSP\agrokongoVS\data_storage\public\perfil [in C:\Users\Madalena Fernandes\Desktop\GSP\agrokongoVS\app\__init__.py:36]
2026-01-28 15:42:15,841 INFO: Diretorio verificado: C:\Users\Madalena Fernandes\Desktop\GSP\agrokongoVS\data_storage\private\comprovativos [in C:\Users\Madalena Fernandes\Desktop\GSP\agrokongoVS\app\__init__.py:36]
2026-01-28 15:42:15,842 INFO: Diretorio verificado: C:\Users\Madalena Fernandes\Desktop\GSP\agrokongoVS\data_storage\private\documentos [in C:\Users\Madalena Fernandes\Desktop\GSP\agrokongoVS\app\__init__.py:36]
2026-01-28 15:42:26,906 INFO: AgroKongo Startup - Sistema de Monitorizaçăo Ativado [in C:\Users\Madalena Fernandes\Desktop\GSP\agrokongoVS\app\extensions.py:58]
2026-01-28 15:42:26,915 INFO: [LOG] Scheduler de Tarefas Ativado [in C:\Users\Madalena Fernandes\Desktop\GSP\agrokongoVS\app\__init__.py:22]
2026-01-28 15:42:26,917 INFO: Diretorio verificado: C:\Users\Madalena Fernandes\Desktop\GSP\agrokongoVS\data_storage\public\safras [in C:\Users\Madalena Fernandes\Desktop\GSP\agrokongoVS\app\__init__.py:36]
2026-01-28 15:42:26,919 INFO: Diretorio verificado: C:\Users\Madalena Fernandes\Desktop\GSP\agrokongoVS\data_storage\public\perfil [in C:\Users\Madalena Fernandes\Desktop\GSP\agrokongoVS\app\__init__.py:36]
2026-01-28 15:42:26,922 INFO: Diretorio verificado: C:\Users\Madalena Fernandes\Desktop\GSP\agrokongoVS\data_storage\private\comprovativos [in C:\Users\Madalena Fernandes\Desktop\GSP\agrokongoVS\app\__init__.py:36]
2026-01-28 15:42:26,931 INFO: Diretorio verificado: C:\Users\Madalena Fernandes\Desktop\GSP\agrokongoVS\data_storage\private\documentos [in C:\Users\Madalena Fernandes\Desktop\GSP\agrokongoVS\app\__init__.py:36]
2026-01-28 19:31:31,795 INFO: AgroKongo Startup - Sistema de Monitorizaçăo Ativado [in C:\Users\Madalena Fernandes\Desktop\GSP\agrokongoVS\app\extensions.py:58]
2026-01-28 19:31:31,802 INFO: [LOG] Scheduler de Tarefas Ativado [in C:\Users\Madalena Fernandes\Desktop\GSP\agrokongoVS\app\__init__.py:22]
2026-01-28 19:31:31,812 INFO: Diretorio verificado: C:\Users\Madalena Fernandes\Desktop\GSP\agrokongoVS\data_storage\public\safras [in C:\Users\Madalena Fernandes\Desktop\GSP\agrokongoVS\app\__init__.py:36]
2026-01-28 19:31:31,832 INFO: Diretorio verificado: C:\Users\Madalena Fernandes\Desktop\GSP\agrokongoVS\data_storage\public\perfil [in C:\Users\Madalena Fernandes\Desktop\GSP\agrokongoVS\app\__init__.py:36]
2026-01-28 19:31:31,835 INFO: Diretorio verificado: C:\Users\Madalena Fernandes\Desktop\GSP\agrokongoVS\data_storage\private\comprovativos [in C:\Users\Madalena Fernandes\Desktop\GSP\agrokongoVS\app\__init__.py:36]
2026-01-28 19:31:31,838 INFO: Diretorio verificado: C:\Users\Madalena Fernandes\Desktop\GSP\agrokongoVS\data_storage\private\documentos [in C:\Users\Madalena Fernandes\Desktop\GSP\agrokongoVS\app\__init__.py:36]
2026-01-28 19:36:02,263 INFO: AgroKongo Startup - Sistema de Monitorizaçăo Ativado [in C:\Users\Madalena Fernandes\Desktop\GSP\agrokongoVS\app\extensions.py:58]
2026-01-28 19:36:02,270 INFO: [LOG] Scheduler de Tarefas Ativado [in C:\Users\Madalena Fernandes\Desktop\GSP\agrokongoVS\app\__init__.py:22]
2026-01-28 19:36:02,272 INFO: Diretorio verificado: C:\Users\Madalena Fernandes\Desktop\GSP\agrokongoVS\data_storage\public\safras [in C:\Users\Madalena Fernandes\Desktop\GSP\agrokongoVS\app\__init__.py:36]
2026-01-28 19:36:02,274 INFO: Diretorio verificado: C:\Users\Madalena Fernandes\Desktop\GSP\agrokongoVS\data_storage\public\perfil [in C:\Users\Madalena Fernandes\Desktop\GSP\agrokongoVS\app\__init__.py:36]
2026-01-28 19:36:02,275 INFO: Diretorio verificado: C:\Users\Madalena Fernandes\Desktop\GSP\agrokongoVS\data_storage\private\comprovativos [in C:\Users\Madalena Fernandes\Desktop\GSP\agrokongoVS\app\__init__.py:36]
2026-01-28 19:36:02,277 INFO: Diretorio verificado: C:\Users\Madalena Fernandes\Desktop\GSP\agrokongoVS\data_storage\private\documentos [in C:\Users\Madalena Fernandes\Desktop\GSP\agrokongoVS\app\__init__.py:36]
2026-01-28 19:58:05,115 INFO: AgroKongo Startup - Sistema de Monitorizaçăo Ativado [in C:\Users\Madalena Fernandes\Desktop\GSP\agrokongoVS\app\extensions.py:58]
2026-01-28 19:58:05,202 INFO: [LOG] Scheduler de Tarefas Ativado [in C:\Users\Madalena Fernandes\Desktop\GSP\agrokongoVS\app\__init__.py:22]
2026-01-28 19:58:05,257 INFO: Diretorio verificado: C:\Users\Madalena Fernandes\Desktop\GSP\agrokongoVS\data_storage\public\safras [in C:\Users\Madalena Fernandes\Desktop\GSP\agrokongoVS\app\__init__.py:36]
2026-01-28 19:58:05,266 INFO: Diretorio verificado: C:\Users\Madalena Fernandes\Desktop\GSP\agrokongoVS\data_storage\public\perfil [in C:\Users\Madalena Fernandes\Desktop\GSP\agrokongoVS\app\__init__.py:36]
2026-01-28 19:58:05,270 INFO: Diretorio verificado: C:\Users\Madalena Fernandes\Desktop\GSP\agrokongoVS\data_storage\private\comprovativos [in C:\Users\Madalena Fernandes\Desktop\GSP\agrokongoVS\app\__init__.py:36]
2026-01-28 19:58:05,282 INFO: Diretorio verificado: C:\Users\Madalena Fernandes\Desktop\GSP\agrokongoVS\data_storage\private\documentos [in C:\Users\Madalena Fernandes\Desktop\GSP\agrokongoVS\app\__init__.py:36]
2026-01-28 20:02:30,050 INFO: AgroKongo Startup - Sistema de Monitorizaçăo Ativado [in C:\Users\Madalena Fernandes\Desktop\GSP\agrokongoVS\app\extensions.py:58]
2026-01-28 20:02:30,063 INFO: [LOG] Scheduler de Tarefas Ativado [in C:\Users\Madalena Fernandes\Desktop\GSP\agrokongoVS\app\__init__.py:22]
2026-01-28 20:02:30,066 INFO: Diretorio verificado: C:\Users\Madalena Fernandes\Desktop\GSP\agrokongoVS\data_storage\public\safras [in C:\Users\Madalena Fernandes\Desktop\GSP\agrokongoVS\app\__init__.py:36]
2026-01-28 20:02:30,080 INFO: Diretorio verificado: C:\Users\Madalena Fernandes\Desktop\GSP\agrokongoVS\data_storage\public\perfil [in C:\Users\Madalena Fernandes\Desktop\GSP\agrokongoVS\app\__init__.py:36]
2026-01-28 20:02:30,096 INFO: Diretorio verificado: C:\Users\Madalena Fernandes\Desktop\GSP\agrokongoVS\data_storage\private\comprovativos [in C:\Users\Madalena Fernandes\Desktop\GSP\agrokongoVS\app\__init__.py:36]
2026-01-28 20:02:30,140 INFO: Diretorio verificado: C:\Users\Madalena Fernandes\Desktop\GSP\agrokongoVS\data_storage\private\documentos [in C:\Users\Madalena Fernandes\Desktop\GSP\agrokongoVS\app\__init__.py:36]
2026-01-28 21:02:33,690 INFO: AgroKongo Startup - Sistema de Monitorizaçăo Ativado [in C:\Users\Madalena Fernandes\Desktop\GSP\agrokongoVS\app\extensions.py:58]
2026-01-28 21:02:33,700 INFO: [LOG] Scheduler de Tarefas Ativado [in C:\Users\Madalena Fernandes\Desktop\GSP\agrokongoVS\app\__init__.py:22]
2026-01-28 21:02:33,702 INFO: Diretorio verificado: C:\Users\Madalena Fernandes\Desktop\GSP\agrokongoVS\data_storage\public\safras [in C:\Users\Madalena Fernandes\Desktop\GSP\agrokongoVS\app\__init__.py:36]
2026-01-28 21:02:33,704 INFO: Diretorio verificado: C:\Users\Madalena Fernandes\Desktop\GSP\agrokongoVS\data_storage\public\perfil [in C:\Users\Madalena Fernandes\Desktop\GSP\agrokongoVS\app\__init__.py:36]
2026-01-28 21:02:33,706 INFO: Diretorio verificado: C:\Users\Madalena Fernandes\Desktop\GSP\agrokongoVS\data_storage\private\comprovativos [in C:\Users\Madalena Fernandes\Desktop\GSP\agrokongoVS\app\__init__.py:36]
2026-01-28 21:02:33,707 INFO: Diretorio verificado: C:\Users\Madalena Fernandes\Desktop\GSP\agrokongoVS\data_storage\private\documentos [in C:\Users\Madalena Fernandes\Desktop\GSP\agrokongoVS\app\__init__.py:36]
2026-01-28 21:11:46,456 INFO: AgroKongo Startup - Sistema de Monitorizaçăo Ativado [in C:\Users\Madalena Fernandes\Desktop\GSP\agrokongoVS\app\extensions.py:58]
2026-01-28 21:11:46,461 INFO: [LOG] Scheduler de Tarefas Ativado [in C:\Users\Madalena Fernandes\Desktop\GSP\agrokongoVS\app\__init__.py:22]
2026-01-28 21:11:46,462 INFO: Diretorio verificado: C:\Users\Madalena Fernandes\Desktop\GSP\agrokongoVS\data_storage\public\safras [in C:\Users\Madalena Fernandes\Desktop\GSP\agrokongoVS\app\__init__.py:36]
2026-01-28 21:11:46,463 INFO: Diretorio verificado: C:\Users\Madalena Fernandes\Desktop\GSP\agrokongoVS\data_storage\public\perfil [in C:\Users\Madalena Fernandes\Desktop\GSP\agrokongoVS\app\__init__.py:36]
2026-01-28 21:11:46,473 INFO: Diretorio verificado: C:\Users\Madalena Fernandes\Desktop\GSP\agrokongoVS\data_storage\private\comprovativos [in C:\Users\Madalena Fernandes\Desktop\GSP\agrokongoVS\app\__init__.py:36]
2026-01-28 21:11:46,475 INFO: Diretorio verificado: C:\Users\Madalena Fernandes\Desktop\GSP\agrokongoVS\data_storage\private\documentos [in C:\Users\Madalena Fernandes\Desktop\GSP\agrokongoVS\app\__init__.py:36]
2026-01-28 21:13:43,402 INFO: AgroKongo Startup - Sistema de Monitorizaçăo Ativado [in C:\Users\Madalena Fernandes\Desktop\GSP\agrokongoVS\app\extensions.py:58]
2026-01-28 21:13:43,413 INFO: [LOG] Scheduler de Tarefas Ativado [in C:\Users\Madalena Fernandes\Desktop\GSP\agrokongoVS\app\__init__.py:22]
2026-01-28 21:13:43,415 INFO: Diretorio verificado: C:\Users\Madalena Fernandes\Desktop\GSP\agrokongoVS\data_storage\public\safras [in C:\Users\Madalena Fernandes\Desktop\GSP\agrokongoVS\app\__init__.py:36]
2026-01-28 21:13:43,418 INFO: Diretorio verificado: C:\Users\Madalena Fernandes\Desktop\GSP\agrokongoVS\data_storage\public\perfil [in C:\Users\Madalena Fernandes\Desktop\GSP\agrokongoVS\app\__init__.py:36]
2026-01-28 21:13:43,420 INFO: Diretorio verificado: C:\Users\Madalena Fernandes\Desktop\GSP\agrokongoVS\data_storage\private\comprovativos [in C:\Users\Madalena Fernandes\Desktop\GSP\agrokongoVS\app\__init__.py:36]
2026-01-28 21:13:43,423 INFO: Diretorio verificado: C:\Users\Madalena Fernandes\Desktop\GSP\agrokongoVS\data_storage\private\documentos [in C:\Users\Madalena Fernandes\Desktop\GSP\agrokongoVS\app\__init__.py:36]
2026-01-28 21:13:55,838 INFO: AgroKongo Startup - Sistema de Monitorizaçăo Ativado [in C:\Users\Madalena Fernandes\Desktop\GSP\agrokongoVS\app\extensions.py:58]
2026-01-28 21:13:55,842 INFO: [LOG] Scheduler de Tarefas Ativado [in C:\Users\Madalena Fernandes\Desktop\GSP\agrokongoVS\app\__init__.py:22]
2026-01-28 21:13:55,843 INFO: Diretorio verificado: C:\Users\Madalena Fernandes\Desktop\GSP\agrokongoVS\data_storage\public\safras [in C:\Users\Madalena Fernandes\Desktop\GSP\agrokongoVS\app\__init__.py:36]
2026-01-28 21:13:55,849 INFO: Diretorio verificado: C:\Users\Madalena Fernandes\Desktop\GSP\agrokongoVS\data_storage\public\perfil [in C:\Users\Madalena Fernandes\Desktop\GSP\agrokongoVS\app\__init__.py:36]
2026-01-28 21:13:55,851 INFO: Diretorio verificado: C:\Users\Madalena Fernandes\Desktop\GSP\agrokongoVS\data_storage\private\comprovativos [in C:\Users\Madalena Fernandes\Desktop\GSP\agrokongoVS\app\__init__.py:36]
2026-01-28 21:13:55,853 INFO: Diretorio verificado: C:\Users\Madalena Fernandes\Desktop\GSP\agrokongoVS\data_storage\private\documentos [in C:\Users\Madalena Fernandes\Desktop\GSP\agrokongoVS\app\__init__.py:36]
2026-01-28 21:15:37,807 INFO: AgroKongo Startup - Sistema de Monitorizaçăo Ativado [in C:\Users\Madalena Fernandes\Desktop\GSP\agrokongoVS\app\extensions.py:58]
2026-01-28 21:15:37,809 INFO: [LOG] Scheduler de Tarefas Ativado [in C:\Users\Madalena Fernandes\Desktop\GSP\agrokongoVS\app\__init__.py:22]
2026-01-28 21:15:37,810 INFO: Diretorio verificado: C:\Users\Madalena Fernandes\Desktop\GSP\agrokongoVS\data_storage\public\safras [in C:\Users\Madalena Fernandes\Desktop\GSP\agrokongoVS\app\__init__.py:36]
2026-01-28 21:15:37,811 INFO: Diretorio verificado: C:\Users\Madalena Fernandes\Desktop\GSP\agrokongoVS\data_storage\public\perfil [in C:\Users\Madalena Fernandes\Desktop\GSP\agrokongoVS\app\__init__.py:36]
2026-01-28 21:15:37,811 INFO: Diretorio verificado: C:\Users\Madalena Fernandes\Desktop\GSP\agrokongoVS\data_storage\private\comprovativos [in C:\Users\Madalena Fernandes\Desktop\GSP\agrokongoVS\app\__init__.py:36]
2026-01-28 21:15:37,812 INFO: Diretorio verificado: C:\Users\Madalena Fernandes\Desktop\GSP\agrokongoVS\data_storage\private\documentos [in C:\Users\Madalena Fernandes\Desktop\GSP\agrokongoVS\app\__init__.py:36]
2026-01-28 21:18:04,285 INFO: AgroKongo Startup - Sistema de Monitorizaçăo Ativado [in C:\Users\Madalena Fernandes\Desktop\GSP\agrokongoVS\app\extensions.py:58]
2026-01-28 21:18:04,302 INFO: [LOG] Scheduler de Tarefas Ativado [in C:\Users\Madalena Fernandes\Desktop\GSP\agrokongoVS\app\__init__.py:22]
2026-01-28 21:18:04,309 INFO: Diretorio verificado: C:\Users\Madalena Fernandes\Desktop\GSP\agrokongoVS\data_storage\public\safras [in C:\Users\Madalena Fernandes\Desktop\GSP\agrokongoVS\app\__init__.py:36]
2026-01-28 21:18:04,314 INFO: Diretorio verificado: C:\Users\Madalena Fernandes\Desktop\GSP\agrokongoVS\data_storage\public\perfil [in C:\Users\Madalena Fernandes\Desktop\GSP\agrokongoVS\app\__init__.py:36]
2026-01-28 21:18:04,318 INFO: Diretorio verificado: C:\Users\Madalena Fernandes\Desktop\GSP\agrokongoVS\data_storage\private\comprovativos [in C:\Users\Madalena Fernandes\Desktop\GSP\agrokongoVS\app\__init__.py:36]
2026-01-28 21:18:04,323 INFO: Diretorio verificado: C:\Users\Madalena Fernandes\Desktop\GSP\agrokongoVS\data_storage\private\documentos [in C:\Users\Madalena Fernandes\Desktop\GSP\agrokongoVS\app\__init__.py:36]
2026-01-28 21:33:04,312 INFO: AgroKongo Startup - Sistema de Monitorizaçăo Ativado [in C:\Users\Madalena Fernandes\Desktop\GSP\agrokongoVS\app\extensions.py:58]
2026-01-28 21:33:04,324 INFO: [LOG] Scheduler de Tarefas Ativado [in C:\Users\Madalena Fernandes\Desktop\GSP\agrokongoVS\app\__init__.py:22]
2026-01-28 21:33:04,327 INFO: Diretorio verificado: C:\Users\Madalena Fernandes\Desktop\GSP\agrokongoVS\data_storage\public\safras [in C:\Users\Madalena Fernandes\Desktop\GSP\agrokongoVS\app\__init__.py:36]
2026-01-28 21:33:04,332 INFO: Diretorio verificado: C:\Users\Madalena Fernandes\Desktop\GSP\agrokongoVS\data_storage\public\perfil [in C:\Users\Madalena Fernandes\Desktop\GSP\agrokongoVS\app\__init__.py:36]
2026-01-28 21:33:04,335 INFO: Diretorio verificado: C:\Users\Madalena Fernandes\Desktop\GSP\agrokongoVS\data_storage\private\comprovativos [in C:\Users\Madalena Fernandes\Desktop\GSP\agrokongoVS\app\__init__.py:36]
2026-01-28 21:33:04,339 INFO: Diretorio verificado: C:\Users\Madalena Fernandes\Desktop\GSP\agrokongoVS\data_storage\private\documentos [in C:\Users\Madalena Fernandes\Desktop\GSP\agrokongoVS\app\__init__.py:36]
2026-01-28 22:05:04,195 INFO: AgroKongo Startup - Sistema de Monitorizaçăo Ativado [in C:\Users\Madalena Fernandes\Desktop\GSP\agrokongoVS\app\extensions.py:58]
2026-01-28 22:05:04,203 INFO: [LOG] Scheduler de Tarefas Ativado [in C:\Users\Madalena Fernandes\Desktop\GSP\agrokongoVS\app\__init__.py:22]
2026-01-28 22:05:04,204 INFO: Diretorio verificado: C:\Users\Madalena Fernandes\Desktop\GSP\agrokongoVS\data_storage\public\safras [in C:\Users\Madalena Fernandes\Desktop\GSP\agrokongoVS\app\__init__.py:36]
2026-01-28 22:05:04,206 INFO: Diretorio verificado: C:\Users\Madalena Fernandes\Desktop\GSP\agrokongoVS\data_storage\public\perfil [in C:\Users\Madalena Fernandes\Desktop\GSP\agrokongoVS\app\__init__.py:36]
2026-01-28 22:05:04,207 INFO: Diretorio verificado: C:\Users\Madalena Fernandes\Desktop\GSP\agrokongoVS\data_storage\private\comprovativos [in C:\Users\Madalena Fernandes\Desktop\GSP\agrokongoVS\app\__init__.py:36]
2026-01-28 22:05:04,208 INFO: Diretorio verificado: C:\Users\Madalena Fernandes\Desktop\GSP\agrokongoVS\data_storage\private\documentos [in C:\Users\Madalena Fernandes\Desktop\GSP\agrokongoVS\app\__init__.py:36]
2026-01-28 23:07:14,520 INFO: AgroKongo Startup - Sistema de Monitorizaçăo Ativado [in C:\Users\Madalena Fernandes\Desktop\GSP\agrokongoVS\app\extensions.py:58]
2026-01-28 23:07:14,525 INFO: [LOG] Scheduler de Tarefas Ativado [in C:\Users\Madalena Fernandes\Desktop\GSP\agrokongoVS\app\__init__.py:22]
2026-01-28 23:07:14,526 INFO: Diretorio verificado: C:\Users\Madalena Fernandes\Desktop\GSP\agrokongoVS\data_storage\public\safras [in C:\Users\Madalena Fernandes\Desktop\GSP\agrokongoVS\app\__init__.py:36]
2026-01-28 23:07:14,527 INFO: Diretorio verificado: C:\Users\Madalena Fernandes\Desktop\GSP\agrokongoVS\data_storage\public\perfil [in C:\Users\Madalena Fernandes\Desktop\GSP\agrokongoVS\app\__init__.py:36]
2026-01-28 23:07:14,528 INFO: Diretorio verificado: C:\Users\Madalena Fernandes\Desktop\GSP\agrokongoVS\data_storage\private\comprovativos [in C:\Users\Madalena Fernandes\Desktop\GSP\agrokongoVS\app\__init__.py:36]
2026-01-28 23:07:14,530 INFO: Diretorio verificado: C:\Users\Madalena Fernandes\Desktop\GSP\agrokongoVS\data_storage\private\documentos [in C:\Users\Madalena Fernandes\Desktop\GSP\agrokongoVS\app\__init__.py:36]
2026-01-28 23:07:52,946 INFO: AgroKongo Startup - Sistema de Monitorizaçăo Ativado [in C:\Users\Madalena Fernandes\Desktop\GSP\agrokongoVS\app\extensions.py:58]
2026-01-28 23:07:52,956 INFO: [LOG] Scheduler de Tarefas Ativado [in C:\Users\Madalena Fernandes\Desktop\GSP\agrokongoVS\app\__init__.py:22]
2026-01-28 23:07:52,958 INFO: Diretorio verificado: C:\Users\Madalena Fernandes\Desktop\GSP\agrokongoVS\data_storage\public\safras [in C:\Users\Madalena Fernandes\Desktop\GSP\agrokongoVS\app\__init__.py:36]
2026-01-28 23:07:52,959 INFO: Diretorio verificado: C:\Users\Madalena Fernandes\Desktop\GSP\agrokongoVS\data_storage\public\perfil [in C:\Users\Madalena Fernandes\Desktop\GSP\agrokongoVS\app\__init__.py:36]
2026-01-28 23:07:52,962 INFO: Diretorio verificado: C:\Users\Madalena Fernandes\Desktop\GSP\agrokongoVS\data_storage\private\comprovativos [in C:\Users\Madalena Fernandes\Desktop\GSP\agrokongoVS\app\__init__.py:36]
2026-01-28 23:07:52,965 INFO: Diretorio verificado: C:\Users\Madalena Fernandes\Desktop\GSP\agrokongoVS\data_storage\private\documentos [in C:\Users\Madalena Fernandes\Desktop\GSP\agrokongoVS\app\__init__.py:36]
2026-01-28 23:09:44,067 INFO: AgroKongo Startup - Sistema de Monitorizaçăo Ativado [in C:\Users\Madalena Fernandes\Desktop\GSP\agrokongoVS\app\extensions.py:58]
2026-01-28 23:09:44,104 INFO: [LOG] Scheduler de Tarefas Ativado [in C:\Users\Madalena Fernandes\Desktop\GSP\agrokongoVS\app\__init__.py:22]
2026-01-28 23:09:44,108 INFO: Diretorio verificado: C:\Users\Madalena Fernandes\Desktop\GSP\agrokongoVS\data_storage\public\safras [in C:\Users\Madalena Fernandes\Desktop\GSP\agrokongoVS\app\__init__.py:36]
2026-01-28 23:09:44,119 INFO: Diretorio verificado: C:\Users\Madalena Fernandes\Desktop\GSP\agrokongoVS\data_storage\public\perfil [in C:\Users\Madalena Fernandes\Desktop\GSP\agrokongoVS\app\__init__.py:36]
2026-01-28 23:09:44,122 INFO: Diretorio verificado: C:\Users\Madalena Fernandes\Desktop\GSP\agrokongoVS\data_storage\private\comprovativos [in C:\Users\Madalena Fernandes\Desktop\GSP\agrokongoVS\app\__init__.py:36]
2026-01-28 23:09:44,129 INFO: Diretorio verificado: C:\Users\Madalena Fernandes\Desktop\GSP\agrokongoVS\data_storage\private\documentos [in C:\Users\Madalena Fernandes\Desktop\GSP\agrokongoVS\app\__init__.py:36]
2026-01-28 23:10:44,504 INFO: AgroKongo Startup - Sistema de Monitorizaçăo Ativado [in C:\Users\Madalena Fernandes\Desktop\GSP\agrokongoVS\app\extensions.py:58]
2026-01-28 23:10:44,517 INFO: [LOG] Scheduler de Tarefas Ativado [in C:\Users\Madalena Fernandes\Desktop\GSP\agrokongoVS\app\__init__.py:22]
2026-01-28 23:10:44,521 INFO: Diretorio verificado: C:\Users\Madalena Fernandes\Desktop\GSP\agrokongoVS\data_storage\public\safras [in C:\Users\Madalena Fernandes\Desktop\GSP\agrokongoVS\app\__init__.py:36]
2026-01-28 23:10:44,528 INFO: Diretorio verificado: C:\Users\Madalena Fernandes\Desktop\GSP\agrokongoVS\data_storage\public\perfil [in C:\Users\Madalena Fernandes\Desktop\GSP\agrokongoVS\app\__init__.py:36]
2026-01-28 23:10:44,533 INFO: Diretorio verificado: C:\Users\Madalena Fernandes\Desktop\GSP\agrokongoVS\data_storage\private\comprovativos [in C:\Users\Madalena Fernandes\Desktop\GSP\agrokongoVS\app\__init__.py:36]
2026-01-28 23:10:44,564 INFO: Diretorio verificado: C:\Users\Madalena Fernandes\Desktop\GSP\agrokongoVS\data_storage\private\documentos [in C:\Users\Madalena Fernandes\Desktop\GSP\agrokongoVS\app\__init__.py:36]
2026-01-28 23:11:07,754 INFO: AgroKongo Startup - Sistema de Monitorizaçăo Ativado [in C:\Users\Madalena Fernandes\Desktop\GSP\agrokongoVS\app\extensions.py:58]
2026-01-28 23:11:08,042 INFO: [LOG] Scheduler de Tarefas Ativado [in C:\Users\Madalena Fernandes\Desktop\GSP\agrokongoVS\app\__init__.py:22]
2026-01-28 23:11:08,164 INFO: Diretorio verificado: C:\Users\Madalena Fernandes\Desktop\GSP\agrokongoVS\data_storage\public\safras [in C:\Users\Madalena Fernandes\Desktop\GSP\agrokongoVS\app\__init__.py:36]
2026-01-28 23:11:08,256 INFO: Diretorio verificado: C:\Users\Madalena Fernandes\Desktop\GSP\agrokongoVS\data_storage\public\perfil [in C:\Users\Madalena Fernandes\Desktop\GSP\agrokongoVS\app\__init__.py:36]
2026-01-28 23:11:08,349 INFO: Diretorio verificado: C:\Users\Madalena Fernandes\Desktop\GSP\agrokongoVS\data_storage\private\comprovativos [in C:\Users\Madalena Fernandes\Desktop\GSP\agrokongoVS\app\__init__.py:36]
2026-01-28 23:11:08,406 INFO: Diretorio verificado: C:\Users\Madalena Fernandes\Desktop\GSP\agrokongoVS\data_storage\private\documentos [in C:\Users\Madalena Fernandes\Desktop\GSP\agrokongoVS\app\__init__.py:36]
2026-01-28 23:12:01,313 INFO: AgroKongo Startup - Sistema de Monitorizaçăo Ativado [in C:\Users\Madalena Fernandes\Desktop\GSP\agrokongoVS\app\extensions.py:58]
2026-01-28 23:12:01,330 INFO: [LOG] Scheduler de Tarefas Ativado [in C:\Users\Madalena Fernandes\Desktop\GSP\agrokongoVS\app\__init__.py:22]
2026-01-28 23:12:01,334 INFO: Diretorio verificado: C:\Users\Madalena Fernandes\Desktop\GSP\agrokongoVS\data_storage\public\safras [in C:\Users\Madalena Fernandes\Desktop\GSP\agrokongoVS\app\__init__.py:36]
2026-01-28 23:12:01,347 INFO: Diretorio verificado: C:\Users\Madalena Fernandes\Desktop\GSP\agrokongoVS\data_storage\public\perfil [in C:\Users\Madalena Fernandes\Desktop\GSP\agrokongoVS\app\__init__.py:36]
2026-01-28 23:12:01,354 INFO: Diretorio verificado: C:\Users\Madalena Fernandes\Desktop\GSP\agrokongoVS\data_storage\private\comprovativos [in C:\Users\Madalena Fernandes\Desktop\GSP\agrokongoVS\app\__init__.py:36]
2026-01-28 23:12:01,366 INFO: Diretorio verificado: C:\Users\Madalena Fernandes\Desktop\GSP\agrokongoVS\data_storage\private\documentos [in C:\Users\Madalena Fernandes\Desktop\GSP\agrokongoVS\app\__init__.py:36]
2026-01-28 23:12:25,702 INFO: AgroKongo Startup - Sistema de Monitorizaçăo Ativado [in C:\Users\Madalena Fernandes\Desktop\GSP\agrokongoVS\app\extensions.py:58]
2026-01-28 23:12:25,713 INFO: [LOG] Scheduler de Tarefas Ativado [in C:\Users\Madalena Fernandes\Desktop\GSP\agrokongoVS\app\__init__.py:22]
2026-01-28 23:12:25,718 INFO: Diretorio verificado: C:\Users\Madalena Fernandes\Desktop\GSP\agrokongoVS\data_storage\public\safras [in C:\Users\Madalena Fernandes\Desktop\GSP\agrokongoVS\app\__init__.py:36]
2026-01-28 23:12:25,721 INFO: Diretorio verificado: C:\Users\Madalena Fernandes\Desktop\GSP\agrokongoVS\data_storage\public\perfil [in C:\Users\Madalena Fernandes\Desktop\GSP\agrokongoVS\app\__init__.py:36]
2026-01-28 23:12:25,723 INFO: Diretorio verificado: C:\Users\Madalena Fernandes\Desktop\GSP\agrokongoVS\data_storage\private\comprovativos [in C:\Users\Madalena Fernandes\Desktop\GSP\agrokongoVS\app\__init__.py:36]
2026-01-28 23:12:25,727 INFO: Diretorio verificado: C:\Users\Madalena Fernandes\Desktop\GSP\agrokongoVS\data_storage\private\documentos [in C:\Users\Madalena Fernandes\Desktop\GSP\agrokongoVS\app\__init__.py:36]
2026-01-28 23:27:23,267 INFO: AgroKongo Startup - Sistema de Monitorizaçăo Ativado [in C:\Users\Madalena Fernandes\Desktop\GSP\agrokongoVS\app\extensions.py:58]
2026-01-28 23:27:23,278 INFO: [LOG] Scheduler de Tarefas Ativado [in C:\Users\Madalena Fernandes\Desktop\GSP\agrokongoVS\app\__init__.py:22]
2026-01-28 23:27:23,280 INFO: Diretorio verificado: C:\Users\Madalena Fernandes\Desktop\GSP\agrokongoVS\data_storage\public\safras [in C:\Users\Madalena Fernandes\Desktop\GSP\agrokongoVS\app\__init__.py:36]
2026-01-28 23:27:23,282 INFO: Diretorio verificado: C:\Users\Madalena Fernandes\Desktop\GSP\agrokongoVS\data_storage\public\perfil [in C:\Users\Madalena Fernandes\Desktop\GSP\agrokongoVS\app\__init__.py:36]
2026-01-28 23:27:23,283 INFO: Diretorio verificado: C:\Users\Madalena Fernandes\Desktop\GSP\agrokongoVS\data_storage\private\comprovativos [in C:\Users\Madalena Fernandes\Desktop\GSP\agrokongoVS\app\__init__.py:36]
2026-01-28 23:27:23,291 INFO: Diretorio verificado: C:\Users\Madalena Fernandes\Desktop\GSP\agrokongoVS\data_storage\private\documentos [in C:\Users\Madalena Fernandes\Desktop\GSP\agrokongoVS\app\__init__.py:36]
2026-01-28 23:35:00,234 INFO: AgroKongo Startup - Sistema de Monitorizaçăo Ativado [in C:\Users\Madalena Fernandes\Desktop\GSP\agrokongoVS\app\extensions.py:58]
2026-01-28 23:35:00,242 INFO: [LOG] Scheduler de Tarefas Ativado [in C:\Users\Madalena Fernandes\Desktop\GSP\agrokongoVS\app\__init__.py:22]
2026-01-28 23:35:00,245 INFO: Diretorio verificado: C:\Users\Madalena Fernandes\Desktop\GSP\agrokongoVS\data_storage\public\safras [in C:\Users\Madalena Fernandes\Desktop\GSP\agrokongoVS\app\__init__.py:36]
2026-01-28 23:35:00,248 INFO: Diretorio verificado: C:\Users\Madalena Fernandes\Desktop\GSP\agrokongoVS\data_storage\public\perfil [in C:\Users\Madalena Fernandes\Desktop\GSP\agrokongoVS\app\__init__.py:36]
2026-01-28 23:35:00,250 INFO: Diretorio verificado: C:\Users\Madalena Fernandes\Desktop\GSP\agrokongoVS\data_storage\private\comprovativos [in C:\Users\Madalena Fernandes\Desktop\GSP\agrokongoVS\app\__init__.py:36]
2026-01-28 23:35:00,252 INFO: Diretorio verificado: C:\Users\Madalena Fernandes\Desktop\GSP\agrokongoVS\data_storage\private\documentos [in C:\Users\Madalena Fernandes\Desktop\GSP\agrokongoVS\app\__init__.py:36]
2026-01-29 11:47:26,899 INFO: AgroKongo Startup - Sistema de Monitorizaçăo Ativado [in C:\Users\Madalena Fernandes\Desktop\GSP\agrokongoVS\app\extensions.py:58]
2026-01-29 11:47:26,940 INFO: [LOG] Scheduler de Tarefas Ativado [in C:\Users\Madalena Fernandes\Desktop\GSP\agrokongoVS\app\__init__.py:22]
2026-01-29 11:47:26,951 INFO: Diretorio verificado: C:\Users\Madalena Fernandes\Desktop\GSP\agrokongoVS\data_storage\public\safras [in C:\Users\Madalena Fernandes\Desktop\GSP\agrokongoVS\app\__init__.py:36]
2026-01-29 11:47:26,954 INFO: Diretorio verificado: C:\Users\Madalena Fernandes\Desktop\GSP\agrokongoVS\data_storage\public\perfil [in C:\Users\Madalena Fernandes\Desktop\GSP\agrokongoVS\app\__init__.py:36]
2026-01-29 11:47:26,958 INFO: Diretorio verificado: C:\Users\Madalena Fernandes\Desktop\GSP\agrokongoVS\data_storage\private\comprovativos [in C:\Users\Madalena Fernandes\Desktop\GSP\agrokongoVS\app\__init__.py:36]
2026-01-29 11:47:26,963 INFO: Diretorio verificado: C:\Users\Madalena Fernandes\Desktop\GSP\agrokongoVS\data_storage\private\documentos [in C:\Users\Madalena Fernandes\Desktop\GSP\agrokongoVS\app\__init__.py:36]
2026-01-29 11:48:20,775 INFO: AgroKongo Startup - Sistema de Monitorizaçăo Ativado [in C:\Users\Madalena Fernandes\Desktop\GSP\agrokongoVS\app\extensions.py:58]
2026-01-29 11:48:20,783 INFO: [LOG] Scheduler de Tarefas Ativado [in C:\Users\Madalena Fernandes\Desktop\GSP\agrokongoVS\app\__init__.py:22]
2026-01-29 11:48:20,786 INFO: Diretorio verificado: C:\Users\Madalena Fernandes\Desktop\GSP\agrokongoVS\data_storage\public\safras [in C:\Users\Madalena Fernandes\Desktop\GSP\agrokongoVS\app\__init__.py:36]
2026-01-29 11:48:20,788 INFO: Diretorio verificado: C:\Users\Madalena Fernandes\Desktop\GSP\agrokongoVS\data_storage\public\perfil [in C:\Users\Madalena Fernandes\Desktop\GSP\agrokongoVS\app\__init__.py:36]
2026-01-29 11:48:20,795 INFO: Diretorio verificado: C:\Users\Madalena Fernandes\Desktop\GSP\agrokongoVS\data_storage\private\comprovativos [in C:\Users\Madalena Fernandes\Desktop\GSP\agrokongoVS\app\__init__.py:36]
2026-01-29 11:48:20,799 INFO: Diretorio verificado: C:\Users\Madalena Fernandes\Desktop\GSP\agrokongoVS\data_storage\private\documentos [in C:\Users\Madalena Fernandes\Desktop\GSP\agrokongoVS\app\__init__.py:36]
2026-01-29 11:55:18,535 INFO: AgroKongo Startup - Sistema de Monitorizaçăo Ativado [in C:\Users\Madalena Fernandes\Desktop\GSP\agrokongoVS\app\extensions.py:58]
2026-01-29 11:55:18,539 INFO: [LOG] Scheduler de Tarefas Ativado [in C:\Users\Madalena Fernandes\Desktop\GSP\agrokongoVS\app\__init__.py:22]
2026-01-29 11:55:18,540 INFO: Diretorio verificado: C:\Users\Madalena Fernandes\Desktop\GSP\agrokongoVS\data_storage\public\safras [in C:\Users\Madalena Fernandes\Desktop\GSP\agrokongoVS\app\__init__.py:36]
2026-01-29 11:55:18,541 INFO: Diretorio verificado: C:\Users\Madalena Fernandes\Desktop\GSP\agrokongoVS\data_storage\public\perfil [in C:\Users\Madalena Fernandes\Desktop\GSP\agrokongoVS\app\__init__.py:36]
2026-01-29 11:55:18,542 INFO: Diretorio verificado: C:\Users\Madalena Fernandes\Desktop\GSP\agrokongoVS\data_storage\private\comprovativos [in C:\Users\Madalena Fernandes\Desktop\GSP\agrokongoVS\app\__init__.py:36]
2026-01-29 11:55:18,544 INFO: Diretorio verificado: C:\Users\Madalena Fernandes\Desktop\GSP\agrokongoVS\data_storage\private\documentos [in C:\Users\Madalena Fernandes\Desktop\GSP\agrokongoVS\app\__init__.py:36]
2026-01-29 11:55:56,839 INFO: AgroKongo Startup - Sistema de Monitorizaçăo Ativado [in C:\Users\Madalena Fernandes\Desktop\GSP\agrokongoVS\app\extensions.py:58]
2026-01-29 11:55:56,857 INFO: [LOG] Scheduler de Tarefas Ativado [in C:\Users\Madalena Fernandes\Desktop\GSP\agrokongoVS\app\__init__.py:22]
2026-01-29 11:55:56,859 INFO: Diretorio verificado: C:\Users\Madalena Fernandes\Desktop\GSP\agrokongoVS\data_storage\public\safras [in C:\Users\Madalena Fernandes\Desktop\GSP\agrokongoVS\app\__init__.py:36]
2026-01-29 11:55:56,861 INFO: Diretorio verificado: C:\Users\Madalena Fernandes\Desktop\GSP\agrokongoVS\data_storage\public\perfil [in C:\Users\Madalena Fernandes\Desktop\GSP\agrokongoVS\app\__init__.py:36]
2026-01-29 11:55:56,864 INFO: Diretorio verificado: C:\Users\Madalena Fernandes\Desktop\GSP\agrokongoVS\data_storage\private\comprovativos [in C:\Users\Madalena Fernandes\Desktop\GSP\agrokongoVS\app\__init__.py:36]
2026-01-29 11:55:56,871 INFO: Diretorio verificado: C:\Users\Madalena Fernandes\Desktop\GSP\agrokongoVS\data_storage\private\documentos [in C:\Users\Madalena Fernandes\Desktop\GSP\agrokongoVS\app\__init__.py:36]
2026-01-29 11:56:08,127 INFO: AgroKongo Startup - Sistema de Monitorizaçăo Ativado [in C:\Users\Madalena Fernandes\Desktop\GSP\agrokongoVS\app\extensions.py:58]
2026-01-29 11:56:08,180 INFO: [LOG] Scheduler de Tarefas Ativado [in C:\Users\Madalena Fernandes\Desktop\GSP\agrokongoVS\app\__init__.py:22]
2026-01-29 11:56:08,187 INFO: Diretorio verificado: C:\Users\Madalena Fernandes\Desktop\GSP\agrokongoVS\data_storage\public\safras [in C:\Users\Madalena Fernandes\Desktop\GSP\agrokongoVS\app\__init__.py:36]
2026-01-29 11:56:08,194 INFO: Diretorio verificado: C:\Users\Madalena Fernandes\Desktop\GSP\agrokongoVS\data_storage\public\perfil [in C:\Users\Madalena Fernandes\Desktop\GSP\agrokongoVS\app\__init__.py:36]
2026-01-29 11:56:08,195 INFO: Diretorio verificado: C:\Users\Madalena Fernandes\Desktop\GSP\agrokongoVS\data_storage\private\comprovativos [in C:\Users\Madalena Fernandes\Desktop\GSP\agrokongoVS\app\__init__.py:36]
2026-01-29 11:56:08,216 INFO: Diretorio verificado: C:\Users\Madalena Fernandes\Desktop\GSP\agrokongoVS\data_storage\private\documentos [in C:\Users\Madalena Fernandes\Desktop\GSP\agrokongoVS\app\__init__.py:36]
2026-01-29 12:42:45,771 INFO: AgroKongo Startup - Sistema de Monitorizaçăo Ativado [in C:\Users\Madalena Fernandes\Desktop\GSP\agrokongoVS\app\extensions.py:58]
2026-01-29 12:42:45,793 INFO: [LOG] Scheduler de Tarefas Ativado [in C:\Users\Madalena Fernandes\Desktop\GSP\agrokongoVS\app\__init__.py:22]
2026-01-29 12:42:45,796 INFO: Diretorio verificado: C:\Users\Madalena Fernandes\Desktop\GSP\agrokongoVS\data_storage\public\safras [in C:\Users\Madalena Fernandes\Desktop\GSP\agrokongoVS\app\__init__.py:36]
2026-01-29 12:42:45,797 INFO: Diretorio verificado: C:\Users\Madalena Fernandes\Desktop\GSP\agrokongoVS\data_storage\public\perfil [in C:\Users\Madalena Fernandes\Desktop\GSP\agrokongoVS\app\__init__.py:36]
2026-01-29 12:42:45,800 INFO: Diretorio verificado: C:\Users\Madalena Fernandes\Desktop\GSP\agrokongoVS\data_storage\private\comprovativos [in C:\Users\Madalena Fernandes\Desktop\GSP\agrokongoVS\app\__init__.py:36]
2026-01-29 12:42:45,802 INFO: Diretorio verificado: C:\Users\Madalena Fernandes\Desktop\GSP\agrokongoVS\data_storage\private\documentos [in C:\Users\Madalena Fernandes\Desktop\GSP\agrokongoVS\app\__init__.py:36]
2026-01-29 12:43:40,050 INFO: AgroKongo Startup - Sistema de Monitorizaçăo Ativado [in C:\Users\Madalena Fernandes\Desktop\GSP\agrokongoVS\app\extensions.py:58]
2026-01-29 12:43:40,057 INFO: [LOG] Scheduler de Tarefas Ativado [in C:\Users\Madalena Fernandes\Desktop\GSP\agrokongoVS\app\__init__.py:22]
2026-01-29 12:43:40,060 INFO: Diretorio verificado: C:\Users\Madalena Fernandes\Desktop\GSP\agrokongoVS\data_storage\public\safras [in C:\Users\Madalena Fernandes\Desktop\GSP\agrokongoVS\app\__init__.py:36]
2026-01-29 12:43:40,065 INFO: Diretorio verificado: C:\Users\Madalena Fernandes\Desktop\GSP\agrokongoVS\data_storage\public\perfil [in C:\Users\Madalena Fernandes\Desktop\GSP\agrokongoVS\app\__init__.py:36]
2026-01-29 12:43:40,067 INFO: Diretorio verificado: C:\Users\Madalena Fernandes\Desktop\GSP\agrokongoVS\data_storage\private\comprovativos [in C:\Users\Madalena Fernandes\Desktop\GSP\agrokongoVS\app\__init__.py:36]
2026-01-29 12:43:40,071 INFO: Diretorio verificado: C:\Users\Madalena Fernandes\Desktop\GSP\agrokongoVS\data_storage\private\documentos [in C:\Users\Madalena Fernandes\Desktop\GSP\agrokongoVS\app\__init__.py:36]
2026-01-29 12:44:05,846 INFO: AgroKongo Startup - Sistema de Monitorizaçăo Ativado [in C:\Users\Madalena Fernandes\Desktop\GSP\agrokongoVS\app\extensions.py:58]
2026-01-29 12:44:05,852 INFO: [LOG] Scheduler de Tarefas Ativado [in C:\Users\Madalena Fernandes\Desktop\GSP\agrokongoVS\app\__init__.py:22]
2026-01-29 12:44:05,854 INFO: Diretorio verificado: C:\Users\Madalena Fernandes\Desktop\GSP\agrokongoVS\data_storage\public\safras [in C:\Users\Madalena Fernandes\Desktop\GSP\agrokongoVS\app\__init__.py:36]
2026-01-29 12:44:05,856 INFO: Diretorio verificado: C:\Users\Madalena Fernandes\Desktop\GSP\agrokongoVS\data_storage\public\perfil [in C:\Users\Madalena Fernandes\Desktop\GSP\agrokongoVS\app\__init__.py:36]
2026-01-29 12:44:05,858 INFO: Diretorio verificado: C:\Users\Madalena Fernandes\Desktop\GSP\agrokongoVS\data_storage\private\comprovativos [in C:\Users\Madalena Fernandes\Desktop\GSP\agrokongoVS\app\__init__.py:36]
2026-01-29 12:44:05,861 INFO: Diretorio verificado: C:\Users\Madalena Fernandes\Desktop\GSP\agrokongoVS\data_storage\private\documentos [in C:\Users\Madalena Fernandes\Desktop\GSP\agrokongoVS\app\__init__.py:36]
2026-01-29 12:48:00,554 INFO: AgroKongo Startup - Sistema de Monitorizaçăo Ativado [in C:\Users\Madalena Fernandes\Desktop\GSP\agrokongoVS\app\extensions.py:58]
2026-01-29 12:48:00,558 INFO: [LOG] Scheduler de Tarefas Ativado [in C:\Users\Madalena Fernandes\Desktop\GSP\agrokongoVS\app\__init__.py:22]
2026-01-29 12:48:00,561 INFO: Diretorio verificado: C:\Users\Madalena Fernandes\Desktop\GSP\agrokongoVS\data_storage\public\safras [in C:\Users\Madalena Fernandes\Desktop\GSP\agrokongoVS\app\__init__.py:36]
2026-01-29 12:48:00,572 INFO: Diretorio verificado: C:\Users\Madalena Fernandes\Desktop\GSP\agrokongoVS\data_storage\public\perfil [in C:\Users\Madalena Fernandes\Desktop\GSP\agrokongoVS\app\__init__.py:36]
2026-01-29 12:48:00,573 INFO: Diretorio verificado: C:\Users\Madalena Fernandes\Desktop\GSP\agrokongoVS\data_storage\private\comprovativos [in C:\Users\Madalena Fernandes\Desktop\GSP\agrokongoVS\app\__init__.py:36]
2026-01-29 12:48:00,574 INFO: Diretorio verificado: C:\Users\Madalena Fernandes\Desktop\GSP\agrokongoVS\data_storage\private\documentos [in C:\Users\Madalena Fernandes\Desktop\GSP\agrokongoVS\app\__init__.py:36]
2026-01-29 12:49:44,496 INFO: AgroKongo Startup - Sistema de Monitorizaçăo Ativado [in C:\Users\Madalena Fernandes\Desktop\GSP\agrokongoVS\app\extensions.py:58]
2026-01-29 12:49:44,503 INFO: [LOG] Scheduler de Tarefas Ativado [in C:\Users\Madalena Fernandes\Desktop\GSP\agrokongoVS\app\__init__.py:22]
2026-01-29 12:49:44,505 INFO: Diretorio verificado: C:\Users\Madalena Fernandes\Desktop\GSP\agrokongoVS\data_storage\public\safras [in C:\Users\Madalena Fernandes\Desktop\GSP\agrokongoVS\app\__init__.py:36]
2026-01-29 12:49:44,507 INFO: Diretorio verificado: C:\Users\Madalena Fernandes\Desktop\GSP\agrokongoVS\data_storage\public\perfil [in C:\Users\Madalena Fernandes\Desktop\GSP\agrokongoVS\app\__init__.py:36]
2026-01-29 12:49:44,509 INFO: Diretorio verificado: C:\Users\Madalena Fernandes\Desktop\GSP\agrokongoVS\data_storage\private\comprovativos [in C:\Users\Madalena Fernandes\Desktop\GSP\agrokongoVS\app\__init__.py:36]
2026-01-29 12:49:44,511 INFO: Diretorio verificado: C:\Users\Madalena Fernandes\Desktop\GSP\agrokongoVS\data_storage\private\documentos [in C:\Users\Madalena Fernandes\Desktop\GSP\agrokongoVS\app\__init__.py:36]
2026-01-29 12:49:56,077 INFO: AgroKongo Startup - Sistema de Monitorizaçăo Ativado [in C:\Users\Madalena Fernandes\Desktop\GSP\agrokongoVS\app\extensions.py:58]
2026-01-29 12:49:56,080 INFO: [LOG] Scheduler de Tarefas Ativado [in C:\Users\Madalena Fernandes\Desktop\GSP\agrokongoVS\app\__init__.py:22]
2026-01-29 12:49:56,081 INFO: Diretorio verificado: C:\Users\Madalena Fernandes\Desktop\GSP\agrokongoVS\data_storage\public\safras [in C:\Users\Madalena Fernandes\Desktop\GSP\agrokongoVS\app\__init__.py:36]
2026-01-29 12:49:56,082 INFO: Diretorio verificado: C:\Users\Madalena Fernandes\Desktop\GSP\agrokongoVS\data_storage\public\perfil [in C:\Users\Madalena Fernandes\Desktop\GSP\agrokongoVS\app\__init__.py:36]
2026-01-29 12:49:56,083 INFO: Diretorio verificado: C:\Users\Madalena Fernandes\Desktop\GSP\agrokongoVS\data_storage\private\comprovativos [in C:\Users\Madalena Fernandes\Desktop\GSP\agrokongoVS\app\__init__.py:36]
2026-01-29 12:49:56,084 INFO: Diretorio verificado: C:\Users\Madalena Fernandes\Desktop\GSP\agrokongoVS\data_storage\private\documentos [in C:\Users\Madalena Fernandes\Desktop\GSP\agrokongoVS\app\__init__.py:36]
2026-01-29 12:52:55,757 INFO: AgroKongo Startup - Sistema de Monitorizaçăo Ativado [in C:\Users\Madalena Fernandes\Desktop\GSP\agrokongoVS\app\extensions.py:58]
2026-01-29 12:52:55,761 INFO: [LOG] Scheduler de Tarefas Ativado [in C:\Users\Madalena Fernandes\Desktop\GSP\agrokongoVS\app\__init__.py:22]
2026-01-29 12:52:55,762 INFO: Diretorio verificado: C:\Users\Madalena Fernandes\Desktop\GSP\agrokongoVS\data_storage\public\safras [in C:\Users\Madalena Fernandes\Desktop\GSP\agrokongoVS\app\__init__.py:36]
2026-01-29 12:52:55,763 INFO: Diretorio verificado: C:\Users\Madalena Fernandes\Desktop\GSP\agrokongoVS\data_storage\public\perfil [in C:\Users\Madalena Fernandes\Desktop\GSP\agrokongoVS\app\__init__.py:36]
2026-01-29 12:52:55,764 INFO: Diretorio verificado: C:\Users\Madalena Fernandes\Desktop\GSP\agrokongoVS\data_storage\private\comprovativos [in C:\Users\Madalena Fernandes\Desktop\GSP\agrokongoVS\app\__init__.py:36]
2026-01-29 12:52:55,765 INFO: Diretorio verificado: C:\Users\Madalena Fernandes\Desktop\GSP\agrokongoVS\data_storage\private\documentos [in C:\Users\Madalena Fernandes\Desktop\GSP\agrokongoVS\app\__init__.py:36]
2026-01-29 13:57:33,302 INFO: AgroKongo Startup - Sistema de Monitorizaçăo Ativado [in C:\Users\Madalena Fernandes\Desktop\GSP\agrokongoVS\app\extensions.py:58]
2026-01-29 13:57:33,310 INFO: [LOG] Scheduler de Tarefas Ativado [in C:\Users\Madalena Fernandes\Desktop\GSP\agrokongoVS\app\__init__.py:22]
2026-01-29 13:57:33,313 INFO: Diretorio verificado: C:\Users\Madalena Fernandes\Desktop\GSP\agrokongoVS\data_storage\public\safras [in C:\Users\Madalena Fernandes\Desktop\GSP\agrokongoVS\app\__init__.py:36]
2026-01-29 13:57:33,315 INFO: Diretorio verificado: C:\Users\Madalena Fernandes\Desktop\GSP\agrokongoVS\data_storage\public\perfil [in C:\Users\Madalena Fernandes\Desktop\GSP\agrokongoVS\app\__init__.py:36]
2026-01-29 13:57:33,317 INFO: Diretorio verificado: C:\Users\Madalena Fernandes\Desktop\GSP\agrokongoVS\data_storage\private\comprovativos [in C:\Users\Madalena Fernandes\Desktop\GSP\agrokongoVS\app\__init__.py:36]
2026-01-29 13:57:33,319 INFO: Diretorio verificado: C:\Users\Madalena Fernandes\Desktop\GSP\agrokongoVS\data_storage\private\documentos [in C:\Users\Madalena Fernandes\Desktop\GSP\agrokongoVS\app\__init__.py:36]
2026-01-29 14:07:40,746 INFO: AgroKongo Startup - Sistema de Monitorizaçăo Ativado [in C:\Users\Madalena Fernandes\Desktop\GSP\agrokongoVS\app\extensions.py:58]
2026-01-29 14:07:40,750 INFO: [LOG] Scheduler de Tarefas Ativado [in C:\Users\Madalena Fernandes\Desktop\GSP\agrokongoVS\app\__init__.py:22]
2026-01-29 14:07:40,751 INFO: Diretorio verificado: C:\Users\Madalena Fernandes\Desktop\GSP\agrokongoVS\data_storage\public\safras [in C:\Users\Madalena Fernandes\Desktop\GSP\agrokongoVS\app\__init__.py:36]
2026-01-29 14:07:40,751 INFO: Diretorio verificado: C:\Users\Madalena Fernandes\Desktop\GSP\agrokongoVS\data_storage\public\perfil [in C:\Users\Madalena Fernandes\Desktop\GSP\agrokongoVS\app\__init__.py:36]
2026-01-29 14:07:40,752 INFO: Diretorio verificado: C:\Users\Madalena Fernandes\Desktop\GSP\agrokongoVS\data_storage\private\comprovativos [in C:\Users\Madalena Fernandes\Desktop\GSP\agrokongoVS\app\__init__.py:36]
2026-01-29 14:07:40,753 INFO: Diretorio verificado: C:\Users\Madalena Fernandes\Desktop\GSP\agrokongoVS\data_storage\private\documentos [in C:\Users\Madalena Fernandes\Desktop\GSP\agrokongoVS\app\__init__.py:36]
2026-01-29 14:08:22,260 INFO: AgroKongo Startup - Sistema de Monitorizaçăo Ativado [in C:\Users\Madalena Fernandes\Desktop\GSP\agrokongoVS\app\extensions.py:58]
2026-01-29 14:08:22,290 INFO: [LOG] Scheduler de Tarefas Ativado [in C:\Users\Madalena Fernandes\Desktop\GSP\agrokongoVS\app\__init__.py:22]
2026-01-29 14:08:22,294 INFO: Diretorio verificado: C:\Users\Madalena Fernandes\Desktop\GSP\agrokongoVS\data_storage\public\safras [in C:\Users\Madalena Fernandes\Desktop\GSP\agrokongoVS\app\__init__.py:36]
2026-01-29 14:08:22,313 INFO: Diretorio verificado: C:\Users\Madalena Fernandes\Desktop\GSP\agrokongoVS\data_storage\public\perfil [in C:\Users\Madalena Fernandes\Desktop\GSP\agrokongoVS\app\__init__.py:36]
2026-01-29 14:08:22,325 INFO: Diretorio verificado: C:\Users\Madalena Fernandes\Desktop\GSP\agrokongoVS\data_storage\private\comprovativos [in C:\Users\Madalena Fernandes\Desktop\GSP\agrokongoVS\app\__init__.py:36]
2026-01-29 14:08:22,331 INFO: Diretorio verificado: C:\Users\Madalena Fernandes\Desktop\GSP\agrokongoVS\data_storage\private\documentos [in C:\Users\Madalena Fernandes\Desktop\GSP\agrokongoVS\app\__init__.py:36]
2026-01-29 14:09:48,363 INFO: AgroKongo Startup - Sistema de Monitorizaçăo Ativado [in C:\Users\Madalena Fernandes\Desktop\GSP\agrokongoVS\app\extensions.py:58]
2026-01-29 14:09:48,369 INFO: [LOG] Scheduler de Tarefas Ativado [in C:\Users\Madalena Fernandes\Desktop\GSP\agrokongoVS\app\__init__.py:22]
2026-01-29 14:09:48,371 INFO: Diretorio verificado: C:\Users\Madalena Fernandes\Desktop\GSP\agrokongoVS\data_storage\public\safras [in C:\Users\Madalena Fernandes\Desktop\GSP\agrokongoVS\app\__init__.py:36]
2026-01-29 14:09:48,373 INFO: Diretorio verificado: C:\Users\Madalena Fernandes\Desktop\GSP\agrokongoVS\data_storage\public\perfil [in C:\Users\Madalena Fernandes\Desktop\GSP\agrokongoVS\app\__init__.py:36]
2026-01-29 14:09:48,375 INFO: Diretorio verificado: C:\Users\Madalena Fernandes\Desktop\GSP\agrokongoVS\data_storage\private\comprovativos [in C:\Users\Madalena Fernandes\Desktop\GSP\agrokongoVS\app\__init__.py:36]
2026-01-29 14:09:48,377 INFO: Diretorio verificado: C:\Users\Madalena Fernandes\Desktop\GSP\agrokongoVS\data_storage\private\documentos [in C:\Users\Madalena Fernandes\Desktop\GSP\agrokongoVS\app\__init__.py:36]
2026-01-29 14:22:56,409 INFO: AgroKongo Startup - Sistema de Monitorizaçăo Ativado [in C:\Users\Madalena Fernandes\Desktop\GSP\agrokongoVS\app\extensions.py:58]
2026-01-29 14:22:56,416 INFO: [LOG] Scheduler de Tarefas Ativado [in C:\Users\Madalena Fernandes\Desktop\GSP\agrokongoVS\app\__init__.py:22]
2026-01-29 14:22:56,418 INFO: Diretorio verificado: C:\Users\Madalena Fernandes\Desktop\GSP\agrokongoVS\data_storage\public\safras [in C:\Users\Madalena Fernandes\Desktop\GSP\agrokongoVS\app\__init__.py:36]
2026-01-29 14:22:56,422 INFO: Diretorio verificado: C:\Users\Madalena Fernandes\Desktop\GSP\agrokongoVS\data_storage\public\perfil [in C:\Users\Madalena Fernandes\Desktop\GSP\agrokongoVS\app\__init__.py:36]
2026-01-29 14:22:56,424 INFO: Diretorio verificado: C:\Users\Madalena Fernandes\Desktop\GSP\agrokongoVS\data_storage\private\comprovativos [in C:\Users\Madalena Fernandes\Desktop\GSP\agrokongoVS\app\__init__.py:36]
2026-01-29 14:22:56,425 INFO: Diretorio verificado: C:\Users\Madalena Fernandes\Desktop\GSP\agrokongoVS\data_storage\private\documentos [in C:\Users\Madalena Fernandes\Desktop\GSP\agrokongoVS\app\__init__.py:36]
2026-01-29 15:19:12,376 INFO: AgroKongo Startup - Sistema de Monitorizaçăo Ativado [in C:\Users\Madalena Fernandes\Desktop\GSP\agrokongoVS\app\extensions.py:58]
2026-01-29 15:19:12,394 INFO: [LOG] Scheduler de Tarefas Ativado [in C:\Users\Madalena Fernandes\Desktop\GSP\agrokongoVS\app\__init__.py:22]
2026-01-29 15:19:12,397 INFO: Diretorio verificado: C:\Users\Madalena Fernandes\Desktop\GSP\agrokongoVS\data_storage\public\safras [in C:\Users\Madalena Fernandes\Desktop\GSP\agrokongoVS\app\__init__.py:36]
2026-01-29 15:19:12,401 INFO: Diretorio verificado: C:\Users\Madalena Fernandes\Desktop\GSP\agrokongoVS\data_storage\public\perfil [in C:\Users\Madalena Fernandes\Desktop\GSP\agrokongoVS\app\__init__.py:36]
2026-01-29 15:19:12,414 INFO: Diretorio verificado: C:\Users\Madalena Fernandes\Desktop\GSP\agrokongoVS\data_storage\private\comprovativos [in C:\Users\Madalena Fernandes\Desktop\GSP\agrokongoVS\app\__init__.py:36]
2026-01-29 15:19:12,424 INFO: Diretorio verificado: C:\Users\Madalena Fernandes\Desktop\GSP\agrokongoVS\data_storage\private\documentos [in C:\Users\Madalena Fernandes\Desktop\GSP\agrokongoVS\app\__init__.py:36]
2026-01-29 15:36:23,734 INFO: AgroKongo Startup - Sistema de Monitorizaçăo Ativado [in C:\Users\Madalena Fernandes\Desktop\GSP\agrokongoVS\app\extensions.py:58]
2026-01-29 15:36:23,741 INFO: [LOG] Scheduler de Tarefas Ativado [in C:\Users\Madalena Fernandes\Desktop\GSP\agrokongoVS\app\__init__.py:22]
2026-01-29 15:36:23,743 INFO: Diretorio verificado: C:\Users\Madalena Fernandes\Desktop\GSP\agrokongoVS\data_storage\public\safras [in C:\Users\Madalena Fernandes\Desktop\GSP\agrokongoVS\app\__init__.py:36]
2026-01-29 15:36:23,744 INFO: Diretorio verificado: C:\Users\Madalena Fernandes\Desktop\GSP\agrokongoVS\data_storage\public\perfil [in C:\Users\Madalena Fernandes\Desktop\GSP\agrokongoVS\app\__init__.py:36]
2026-01-29 15:36:23,745 INFO: Diretorio verificado: C:\Users\Madalena Fernandes\Desktop\GSP\agrokongoVS\data_storage\private\comprovativos [in C:\Users\Madalena Fernandes\Desktop\GSP\agrokongoVS\app\__init__.py:36]
2026-01-29 15:36:23,746 INFO: Diretorio verificado: C:\Users\Madalena Fernandes\Desktop\GSP\agrokongoVS\data_storage\private\documentos [in C:\Users\Madalena Fernandes\Desktop\GSP\agrokongoVS\app\__init__.py:36]
2026-01-29 15:36:58,999 INFO: AgroKongo Startup - Sistema de Monitorizaçăo Ativado [in C:\Users\Madalena Fernandes\Desktop\GSP\agrokongoVS\app\extensions.py:58]
2026-01-29 15:36:59,003 INFO: [LOG] Scheduler de Tarefas Ativado [in C:\Users\Madalena Fernandes\Desktop\GSP\agrokongoVS\app\__init__.py:22]
2026-01-29 15:36:59,004 INFO: Diretorio verificado: C:\Users\Madalena Fernandes\Desktop\GSP\agrokongoVS\data_storage\public\safras [in C:\Users\Madalena Fernandes\Desktop\GSP\agrokongoVS\app\__init__.py:36]
2026-01-29 15:36:59,005 INFO: Diretorio verificado: C:\Users\Madalena Fernandes\Desktop\GSP\agrokongoVS\data_storage\public\perfil [in C:\Users\Madalena Fernandes\Desktop\GSP\agrokongoVS\app\__init__.py:36]
2026-01-29 15:36:59,006 INFO: Diretorio verificado: C:\Users\Madalena Fernandes\Desktop\GSP\agrokongoVS\data_storage\private\comprovativos [in C:\Users\Madalena Fernandes\Desktop\GSP\agrokongoVS\app\__init__.py:36]
2026-01-29 15:36:59,006 INFO: Diretorio verificado: C:\Users\Madalena Fernandes\Desktop\GSP\agrokongoVS\data_storage\private\documentos [in C:\Users\Madalena Fernandes\Desktop\GSP\agrokongoVS\app\__init__.py:36]
2026-01-29 15:39:52,687 INFO: AgroKongo Startup - Sistema de Monitorizaçăo Ativado [in C:\Users\Madalena Fernandes\Desktop\GSP\agrokongoVS\app\extensions.py:58]
2026-01-29 15:39:52,698 INFO: [LOG] Scheduler de Tarefas Ativado [in C:\Users\Madalena Fernandes\Desktop\GSP\agrokongoVS\app\__init__.py:22]
2026-01-29 15:39:52,701 INFO: Diretorio verificado: C:\Users\Madalena Fernandes\Desktop\GSP\agrokongoVS\data_storage\public\safras [in C:\Users\Madalena Fernandes\Desktop\GSP\agrokongoVS\app\__init__.py:36]
2026-01-29 15:39:52,704 INFO: Diretorio verificado: C:\Users\Madalena Fernandes\Desktop\GSP\agrokongoVS\data_storage\public\perfil [in C:\Users\Madalena Fernandes\Desktop\GSP\agrokongoVS\app\__init__.py:36]
2026-01-29 15:39:52,706 INFO: Diretorio verificado: C:\Users\Madalena Fernandes\Desktop\GSP\agrokongoVS\data_storage\private\comprovativos [in C:\Users\Madalena Fernandes\Desktop\GSP\agrokongoVS\app\__init__.py:36]
2026-01-29 15:39:52,708 INFO: Diretorio verificado: C:\Users\Madalena Fernandes\Desktop\GSP\agrokongoVS\data_storage\private\documentos [in C:\Users\Madalena Fernandes\Desktop\GSP\agrokongoVS\app\__init__.py:36]
2026-01-29 15:41:12,682 INFO: AgroKongo Startup - Sistema de Monitorizaçăo Ativado [in C:\Users\Madalena Fernandes\Desktop\GSP\agrokongoVS\app\extensions.py:58]
2026-01-29 15:41:12,685 INFO: [LOG] Scheduler de Tarefas Ativado [in C:\Users\Madalena Fernandes\Desktop\GSP\agrokongoVS\app\__init__.py:22]
2026-01-29 15:41:12,687 INFO: Diretorio verificado: C:\Users\Madalena Fernandes\Desktop\GSP\agrokongoVS\data_storage\public\safras [in C:\Users\Madalena Fernandes\Desktop\GSP\agrokongoVS\app\__init__.py:36]
2026-01-29 15:41:12,687 INFO: Diretorio verificado: C:\Users\Madalena Fernandes\Desktop\GSP\agrokongoVS\data_storage\public\perfil [in C:\Users\Madalena Fernandes\Desktop\GSP\agrokongoVS\app\__init__.py:36]
2026-01-29 15:41:12,688 INFO: Diretorio verificado: C:\Users\Madalena Fernandes\Desktop\GSP\agrokongoVS\data_storage\private\comprovativos [in C:\Users\Madalena Fernandes\Desktop\GSP\agrokongoVS\app\__init__.py:36]
2026-01-29 15:41:12,689 INFO: Diretorio verificado: C:\Users\Madalena Fernandes\Desktop\GSP\agrokongoVS\data_storage\private\documentos [in C:\Users\Madalena Fernandes\Desktop\GSP\agrokongoVS\app\__init__.py:36]
2026-01-29 15:42:58,640 INFO: AgroKongo Startup - Sistema de Monitorizaçăo Ativado [in C:\Users\Madalena Fernandes\Desktop\GSP\agrokongoVS\app\extensions.py:58]
2026-01-29 15:42:58,645 INFO: [LOG] Scheduler de Tarefas Ativado [in C:\Users\Madalena Fernandes\Desktop\GSP\agrokongoVS\app\__init__.py:22]
2026-01-29 15:42:58,647 INFO: Diretorio verificado: C:\Users\Madalena Fernandes\Desktop\GSP\agrokongoVS\data_storage\public\safras [in C:\Users\Madalena Fernandes\Desktop\GSP\agrokongoVS\app\__init__.py:36]
2026-01-29 15:42:58,649 INFO: Diretorio verificado: C:\Users\Madalena Fernandes\Desktop\GSP\agrokongoVS\data_storage\public\perfil [in C:\Users\Madalena Fernandes\Desktop\GSP\agrokongoVS\app\__init__.py:36]
2026-01-29 15:42:58,650 INFO: Diretorio verificado: C:\Users\Madalena Fernandes\Desktop\GSP\agrokongoVS\data_storage\private\comprovativos [in C:\Users\Madalena Fernandes\Desktop\GSP\agrokongoVS\app\__init__.py:36]
2026-01-29 15:42:58,652 INFO: Diretorio verificado: C:\Users\Madalena Fernandes\Desktop\GSP\agrokongoVS\data_storage\private\documentos [in C:\Users\Madalena Fernandes\Desktop\GSP\agrokongoVS\app\__init__.py:36]
2026-01-29 15:50:46,969 INFO: AgroKongo Startup - Sistema de Monitorizaçăo Ativado [in C:\Users\Madalena Fernandes\Desktop\GSP\agrokongoVS\app\extensions.py:58]
2026-01-29 15:50:46,977 INFO: [LOG] Scheduler de Tarefas Ativado [in C:\Users\Madalena Fernandes\Desktop\GSP\agrokongoVS\app\__init__.py:22]
2026-01-29 15:50:46,979 INFO: Diretorio verificado: C:\Users\Madalena Fernandes\Desktop\GSP\agrokongoVS\data_storage\public\safras [in C:\Users\Madalena Fernandes\Desktop\GSP\agrokongoVS\app\__init__.py:36]
2026-01-29 15:50:46,981 INFO: Diretorio verificado: C:\Users\Madalena Fernandes\Desktop\GSP\agrokongoVS\data_storage\public\perfil [in C:\Users\Madalena Fernandes\Desktop\GSP\agrokongoVS\app\__init__.py:36]
2026-01-29 15:50:46,983 INFO: Diretorio verificado: C:\Users\Madalena Fernandes\Desktop\GSP\agrokongoVS\data_storage\private\comprovativos [in C:\Users\Madalena Fernandes\Desktop\GSP\agrokongoVS\app\__init__.py:36]
2026-01-29 15:50:46,988 INFO: Diretorio verificado: C:\Users\Madalena Fernandes\Desktop\GSP\agrokongoVS\data_storage\private\documentos [in C:\Users\Madalena Fernandes\Desktop\GSP\agrokongoVS\app\__init__.py:36]
2026-01-29 15:54:07,862 INFO: AgroKongo Startup - Sistema de Monitorizaçăo Ativado [in C:\Users\Madalena Fernandes\Desktop\GSP\agrokongoVS\app\extensions.py:58]
2026-01-29 15:54:07,884 INFO: [LOG] Scheduler de Tarefas Ativado [in C:\Users\Madalena Fernandes\Desktop\GSP\agrokongoVS\app\__init__.py:22]
2026-01-29 15:54:07,888 INFO: Diretorio verificado: C:\Users\Madalena Fernandes\Desktop\GSP\agrokongoVS\data_storage\public\safras [in C:\Users\Madalena Fernandes\Desktop\GSP\agrokongoVS\app\__init__.py:36]
2026-01-29 15:54:07,891 INFO: Diretorio verificado: C:\Users\Madalena Fernandes\Desktop\GSP\agrokongoVS\data_storage\public\perfil [in C:\Users\Madalena Fernandes\Desktop\GSP\agrokongoVS\app\__init__.py:36]
2026-01-29 15:54:07,893 INFO: Diretorio verificado: C:\Users\Madalena Fernandes\Desktop\GSP\agrokongoVS\data_storage\private\comprovativos [in C:\Users\Madalena Fernandes\Desktop\GSP\agrokongoVS\app\__init__.py:36]
2026-01-29 15:54:07,895 INFO: Diretorio verificado: C:\Users\Madalena Fernandes\Desktop\GSP\agrokongoVS\data_storage\private\documentos [in C:\Users\Madalena Fernandes\Desktop\GSP\agrokongoVS\app\__init__.py:36]
